<?xml version="1.0" encoding="UTF-8"?>
<coverage generated="1755070546076" clover="3.2.0">
  <project timestamp="1755070546076" name="All files">
    <metrics statements="644" coveredstatements="486" conditionals="78" coveredconditionals="56" methods="113" coveredmethods="74" elements="835" coveredelements="616" complexity="0" loc="644" ncloc="644" packages="16" files="44" classes="44"/>
    <package name="src">
      <metrics statements="23" coveredstatements="0" conditionals="0" coveredconditionals="0" methods="1" coveredmethods="0"/>
      <file name="app.module.ts" path="/Users/admin/rohits/jk_poc/jk_tech_backend/src/app.module.ts">
        <metrics statements="9" coveredstatements="0" conditionals="0" coveredconditionals="0" methods="0" coveredmethods="0"/>
        <line num="1" count="0" type="stmt"/>
        <line num="2" count="0" type="stmt"/>
        <line num="3" count="0" type="stmt"/>
        <line num="4" count="0" type="stmt"/>
        <line num="5" count="0" type="stmt"/>
        <line num="6" count="0" type="stmt"/>
        <line num="7" count="0" type="stmt"/>
        <line num="8" count="0" type="stmt"/>
        <line num="23" count="0" type="stmt"/>
      </file>
      <file name="main.ts" path="/Users/admin/rohits/jk_poc/jk_tech_backend/src/main.ts">
        <metrics statements="14" coveredstatements="0" conditionals="0" coveredconditionals="0" methods="1" coveredmethods="0"/>
        <line num="1" count="0" type="stmt"/>
        <line num="2" count="0" type="stmt"/>
        <line num="3" count="0" type="stmt"/>
        <line num="4" count="0" type="stmt"/>
        <line num="7" count="0" type="stmt"/>
        <line num="10" count="0" type="stmt"/>
        <line num="17" count="0" type="stmt"/>
        <line num="20" count="0" type="stmt"/>
        <line num="27" count="0" type="stmt"/>
        <line num="28" count="0" type="stmt"/>
        <line num="30" count="0" type="stmt"/>
        <line num="31" count="0" type="stmt"/>
        <line num="32" count="0" type="stmt"/>
        <line num="34" count="0" type="stmt"/>
      </file>
    </package>
    <package name="src.auth">
      <metrics statements="56" coveredstatements="45" conditionals="8" coveredconditionals="7" methods="10" coveredmethods="9"/>
      <file name="auth.controller.ts" path="/Users/admin/rohits/jk_poc/jk_tech_backend/src/auth/auth.controller.ts">
        <metrics statements="19" coveredstatements="19" conditionals="0" coveredconditionals="0" methods="5" coveredmethods="5"/>
        <line num="1" count="1" type="stmt"/>
        <line num="2" count="1" type="stmt"/>
        <line num="3" count="1" type="stmt"/>
        <line num="4" count="1" type="stmt"/>
        <line num="5" count="1" type="stmt"/>
        <line num="6" count="1" type="stmt"/>
        <line num="7" count="1" type="stmt"/>
        <line num="8" count="1" type="stmt"/>
        <line num="9" count="1" type="stmt"/>
        <line num="13" count="1" type="stmt"/>
        <line num="14" count="4" type="stmt"/>
        <line num="21" count="1" type="stmt"/>
        <line num="22" count="1" type="stmt"/>
        <line num="30" count="1" type="stmt"/>
        <line num="31" count="1" type="stmt"/>
        <line num="40" count="1" type="stmt"/>
        <line num="41" count="1" type="stmt"/>
        <line num="49" count="1" type="stmt"/>
        <line num="50" count="1" type="stmt"/>
      </file>
      <file name="auth.module.ts" path="/Users/admin/rohits/jk_poc/jk_tech_backend/src/auth/auth.module.ts">
        <metrics statements="11" coveredstatements="0" conditionals="0" coveredconditionals="0" methods="1" coveredmethods="0"/>
        <line num="1" count="0" type="stmt"/>
        <line num="2" count="0" type="stmt"/>
        <line num="3" count="0" type="stmt"/>
        <line num="4" count="0" type="stmt"/>
        <line num="5" count="0" type="stmt"/>
        <line num="6" count="0" type="stmt"/>
        <line num="7" count="0" type="stmt"/>
        <line num="8" count="0" type="stmt"/>
        <line num="9" count="0" type="stmt"/>
        <line num="16" count="0" type="stmt"/>
        <line num="27" count="0" type="stmt"/>
      </file>
      <file name="auth.service.ts" path="/Users/admin/rohits/jk_poc/jk_tech_backend/src/auth/auth.service.ts">
        <metrics statements="26" coveredstatements="26" conditionals="8" coveredconditionals="7" methods="4" coveredmethods="4"/>
        <line num="1" count="2" type="stmt"/>
        <line num="2" count="2" type="stmt"/>
        <line num="3" count="2" type="stmt"/>
        <line num="4" count="2" type="stmt"/>
        <line num="6" count="2" type="stmt"/>
        <line num="9" count="2" type="stmt"/>
        <line num="11" count="6" type="stmt"/>
        <line num="12" count="6" type="stmt"/>
        <line num="16" count="3" type="stmt"/>
        <line num="17" count="3" type="cond" truecount="3" falsecount="0"/>
        <line num="18" count="2" type="cond" truecount="1" falsecount="0"/>
        <line num="19" count="1" type="stmt"/>
        <line num="21" count="1" type="stmt"/>
        <line num="22" count="1" type="stmt"/>
        <line num="24" count="1" type="stmt"/>
        <line num="28" count="1" type="stmt"/>
        <line num="29" count="1" type="stmt"/>
        <line num="35" count="2" type="stmt"/>
        <line num="36" count="2" type="cond" truecount="1" falsecount="0"/>
        <line num="37" count="1" type="stmt"/>
        <line num="41" count="1" type="cond" truecount="2" falsecount="1"/>
        <line num="46" count="1" type="stmt"/>
        <line num="47" count="1" type="stmt"/>
        <line num="54" count="1" type="stmt"/>
        <line num="55" count="1" type="stmt"/>
        <line num="56" count="1" type="stmt"/>
      </file>
    </package>
    <package name="src.auth.decorators">
      <metrics statements="3" coveredstatements="3" conditionals="0" coveredconditionals="0" methods="1" coveredmethods="1"/>
      <file name="roles.decorator.ts" path="/Users/admin/rohits/jk_poc/jk_tech_backend/src/auth/decorators/roles.decorator.ts">
        <metrics statements="3" coveredstatements="3" conditionals="0" coveredconditionals="0" methods="1" coveredmethods="1"/>
        <line num="2" count="3" type="stmt"/>
        <line num="4" count="3" type="stmt"/>
        <line num="5" count="4" type="stmt"/>
      </file>
    </package>
    <package name="src.auth.dto">
      <metrics statements="25" coveredstatements="25" conditionals="0" coveredconditionals="0" methods="0" coveredmethods="0"/>
      <file name="login-response.dto.ts" path="/Users/admin/rohits/jk_poc/jk_tech_backend/src/auth/dto/login-response.dto.ts">
        <metrics statements="3" coveredstatements="3" conditionals="0" coveredconditionals="0" methods="0" coveredmethods="0"/>
        <line num="1" count="1" type="stmt"/>
        <line num="3" count="1" type="stmt"/>
        <line num="5" count="1" type="stmt"/>
      </file>
      <file name="login.dto.ts" path="/Users/admin/rohits/jk_poc/jk_tech_backend/src/auth/dto/login.dto.ts">
        <metrics statements="5" coveredstatements="5" conditionals="0" coveredconditionals="0" methods="0" coveredmethods="0"/>
        <line num="1" count="1" type="stmt"/>
        <line num="2" count="1" type="stmt"/>
        <line num="4" count="1" type="stmt"/>
        <line num="7" count="1" type="stmt"/>
        <line num="11" count="1" type="stmt"/>
      </file>
      <file name="register.dto.ts" path="/Users/admin/rohits/jk_poc/jk_tech_backend/src/auth/dto/register.dto.ts">
        <metrics statements="8" coveredstatements="8" conditionals="0" coveredconditionals="0" methods="0" coveredmethods="0"/>
        <line num="1" count="1" type="stmt"/>
        <line num="2" count="1" type="stmt"/>
        <line num="3" count="1" type="stmt"/>
        <line num="6" count="1" type="stmt"/>
        <line num="9" count="1" type="stmt"/>
        <line num="13" count="1" type="stmt"/>
        <line num="18" count="1" type="stmt"/>
        <line num="22" count="1" type="stmt"/>
      </file>
      <file name="user-profile.dto.ts" path="/Users/admin/rohits/jk_poc/jk_tech_backend/src/auth/dto/user-profile.dto.ts">
        <metrics statements="9" coveredstatements="9" conditionals="0" coveredconditionals="0" methods="0" coveredmethods="0"/>
        <line num="1" count="1" type="stmt"/>
        <line num="2" count="1" type="stmt"/>
        <line num="4" count="1" type="stmt"/>
        <line num="6" count="1" type="stmt"/>
        <line num="9" count="1" type="stmt"/>
        <line num="12" count="1" type="stmt"/>
        <line num="15" count="1" type="stmt"/>
        <line num="18" count="1" type="stmt"/>
        <line num="21" count="1" type="stmt"/>
      </file>
    </package>
    <package name="src.auth.guards">
      <metrics statements="16" coveredstatements="11" conditionals="1" coveredconditionals="0" methods="3" coveredmethods="1"/>
      <file name="jwt-auth.guard.ts" path="/Users/admin/rohits/jk_poc/jk_tech_backend/src/auth/guards/jwt-auth.guard.ts">
        <metrics statements="3" coveredstatements="3" conditionals="0" coveredconditionals="0" methods="0" coveredmethods="0"/>
        <line num="1" count="5" type="stmt"/>
        <line num="2" count="5" type="stmt"/>
        <line num="5" count="5" type="stmt"/>
      </file>
      <file name="local-auth.guard.ts" path="/Users/admin/rohits/jk_poc/jk_tech_backend/src/auth/guards/local-auth.guard.ts">
        <metrics statements="3" coveredstatements="3" conditionals="0" coveredconditionals="0" methods="0" coveredmethods="0"/>
        <line num="1" count="1" type="stmt"/>
        <line num="2" count="1" type="stmt"/>
        <line num="5" count="1" type="stmt"/>
      </file>
      <file name="roles.guard.ts" path="/Users/admin/rohits/jk_poc/jk_tech_backend/src/auth/guards/roles.guard.ts">
        <metrics statements="10" coveredstatements="5" conditionals="1" coveredconditionals="0" methods="3" coveredmethods="1"/>
        <line num="1" count="3" type="stmt"/>
        <line num="2" count="3" type="stmt"/>
        <line num="3" count="3" type="stmt"/>
        <line num="6" count="3" type="stmt"/>
        <line num="7" count="13" type="stmt"/>
        <line num="10" count="0" type="stmt"/>
        <line num="15" count="0" type="cond" truecount="0" falsecount="1"/>
        <line num="16" count="0" type="stmt"/>
        <line num="19" count="0" type="stmt"/>
        <line num="20" count="0" type="stmt"/>
      </file>
    </package>
    <package name="src.auth.strategies">
      <metrics statements="26" coveredstatements="0" conditionals="3" coveredconditionals="0" methods="4" coveredmethods="0"/>
      <file name="jwt.strategy.ts" path="/Users/admin/rohits/jk_poc/jk_tech_backend/src/auth/strategies/jwt.strategy.ts">
        <metrics statements="15" coveredstatements="0" conditionals="2" coveredconditionals="0" methods="2" coveredmethods="0"/>
        <line num="1" count="0" type="stmt"/>
        <line num="2" count="0" type="stmt"/>
        <line num="3" count="0" type="stmt"/>
        <line num="4" count="0" type="stmt"/>
        <line num="5" count="0" type="stmt"/>
        <line num="8" count="0" type="stmt"/>
        <line num="10" count="0" type="stmt"/>
        <line num="11" count="0" type="stmt"/>
        <line num="13" count="0" type="stmt"/>
        <line num="29" count="0" type="stmt"/>
        <line num="31" count="0" type="cond" truecount="0" falsecount="1"/>
        <line num="32" count="0" type="stmt"/>
        <line num="35" count="0" type="cond" truecount="0" falsecount="1"/>
        <line num="36" count="0" type="stmt"/>
        <line num="39" count="0" type="stmt"/>
      </file>
      <file name="local.strategy.ts" path="/Users/admin/rohits/jk_poc/jk_tech_backend/src/auth/strategies/local.strategy.ts">
        <metrics statements="11" coveredstatements="0" conditionals="1" coveredconditionals="0" methods="2" coveredmethods="0"/>
        <line num="1" count="0" type="stmt"/>
        <line num="2" count="0" type="stmt"/>
        <line num="3" count="0" type="stmt"/>
        <line num="4" count="0" type="stmt"/>
        <line num="7" count="0" type="stmt"/>
        <line num="8" count="0" type="stmt"/>
        <line num="9" count="0" type="stmt"/>
        <line num="13" count="0" type="stmt"/>
        <line num="14" count="0" type="cond" truecount="0" falsecount="1"/>
        <line num="15" count="0" type="stmt"/>
        <line num="17" count="0" type="stmt"/>
      </file>
    </package>
    <package name="src.documents">
      <metrics statements="86" coveredstatements="55" conditionals="13" coveredconditionals="7" methods="19" coveredmethods="11"/>
      <file name="documents.controller.ts" path="/Users/admin/rohits/jk_poc/jk_tech_backend/src/documents/documents.controller.ts">
        <metrics statements="29" coveredstatements="29" conditionals="0" coveredconditionals="0" methods="7" coveredmethods="7"/>
        <line num="1" count="1" type="stmt"/>
        <line num="17" count="1" type="stmt"/>
        <line num="18" count="1" type="stmt"/>
        <line num="20" count="1" type="stmt"/>
        <line num="21" count="1" type="stmt"/>
        <line num="22" count="1" type="stmt"/>
        <line num="23" count="1" type="stmt"/>
        <line num="24" count="1" type="stmt"/>
        <line num="25" count="1" type="stmt"/>
        <line num="26" count="1" type="stmt"/>
        <line num="27" count="1" type="stmt"/>
        <line num="28" count="1" type="stmt"/>
        <line num="34" count="1" type="stmt"/>
        <line num="35" count="6" type="stmt"/>
        <line num="62" count="1" type="stmt"/>
        <line num="67" count="1" type="stmt"/>
        <line num="73" count="1" type="stmt"/>
        <line num="74" count="1" type="stmt"/>
        <line num="81" count="1" type="stmt"/>
        <line num="82" count="1" type="stmt"/>
        <line num="89" count="1" type="stmt"/>
        <line num="90" count="1" type="stmt"/>
        <line num="92" count="1" type="stmt"/>
        <line num="93" count="1" type="stmt"/>
        <line num="95" count="1" type="stmt"/>
        <line num="105" count="1" type="stmt"/>
        <line num="106" count="1" type="stmt"/>
        <line num="116" count="1" type="stmt"/>
        <line num="117" count="1" type="stmt"/>
      </file>
      <file name="documents.module.ts" path="/Users/admin/rohits/jk_poc/jk_tech_backend/src/documents/documents.module.ts">
        <metrics statements="14" coveredstatements="0" conditionals="0" coveredconditionals="0" methods="2" coveredmethods="0"/>
        <line num="1" count="0" type="stmt"/>
        <line num="2" count="0" type="stmt"/>
        <line num="3" count="0" type="stmt"/>
        <line num="4" count="0" type="stmt"/>
        <line num="5" count="0" type="stmt"/>
        <line num="6" count="0" type="stmt"/>
        <line num="7" count="0" type="stmt"/>
        <line num="8" count="0" type="stmt"/>
        <line num="9" count="0" type="stmt"/>
        <line num="14" count="0" type="stmt"/>
        <line num="19" count="0" type="stmt"/>
        <line num="20" count="0" type="stmt"/>
        <line num="21" count="0" type="stmt"/>
        <line num="33" count="0" type="stmt"/>
      </file>
      <file name="documents.service.ts" path="/Users/admin/rohits/jk_poc/jk_tech_backend/src/documents/documents.service.ts">
        <metrics statements="43" coveredstatements="26" conditionals="13" coveredconditionals="7" methods="10" coveredmethods="4"/>
        <line num="1" count="4" type="stmt"/>
        <line num="2" count="4" type="stmt"/>
        <line num="6" count="4" type="stmt"/>
        <line num="7" count="4" type="stmt"/>
        <line num="8" count="4" type="stmt"/>
        <line num="9" count="4" type="stmt"/>
        <line num="12" count="4" type="stmt"/>
        <line num="14" count="7" type="stmt"/>
        <line num="15" count="7" type="stmt"/>
        <line num="19" count="0" type="stmt"/>
        <line num="23" count="2" type="cond" truecount="1" falsecount="0"/>
        <line num="24" count="1" type="stmt"/>
        <line num="27" count="1" type="stmt"/>
        <line num="51" count="1" type="stmt"/>
        <line num="52" count="1" type="cond" truecount="1" falsecount="0"/>
        <line num="53" count="1" type="stmt"/>
        <line num="54" count="1" type="stmt"/>
        <line num="57" count="0" type="stmt"/>
        <line num="61" count="1" type="stmt"/>
        <line num="65" count="0" type="cond" truecount="0" falsecount="2"/>
        <line num="66" count="0" type="stmt"/>
        <line num="69" count="0" type="cond" truecount="0" falsecount="2"/>
        <line num="73" count="0" type="stmt"/>
        <line num="92" count="0" type="stmt"/>
        <line num="104" count="5" type="stmt"/>
        <line num="120" count="5" type="cond" truecount="1" falsecount="0"/>
        <line num="121" count="1" type="stmt"/>
        <line num="125" count="4" type="cond" truecount="3" falsecount="0"/>
        <line num="126" count="1" type="stmt"/>
        <line num="129" count="3" type="stmt"/>
        <line num="133" count="0" type="stmt"/>
        <line num="135" count="0" type="stmt"/>
        <line num="136" count="0" type="cond" truecount="0" falsecount="1"/>
        <line num="137" count="0" type="stmt"/>
        <line num="140" count="0" type="stmt"/>
        <line num="148" count="0" type="stmt"/>
        <line num="150" count="0" type="stmt"/>
        <line num="164" count="0" type="stmt"/>
        <line num="168" count="1" type="stmt"/>
        <line num="175" count="1" type="stmt"/>
        <line num="183" count="1" type="stmt"/>
        <line num="188" count="0" type="stmt"/>
        <line num="199" count="0" type="stmt"/>
      </file>
    </package>
    <package name="src.documents.dto">
      <metrics statements="30" coveredstatements="28" conditionals="0" coveredconditionals="0" methods="3" coveredmethods="0"/>
      <file name="create-document.dto.ts" path="/Users/admin/rohits/jk_poc/jk_tech_backend/src/documents/dto/create-document.dto.ts">
        <metrics statements="5" coveredstatements="5" conditionals="0" coveredconditionals="0" methods="0" coveredmethods="0"/>
        <line num="1" count="1" type="stmt"/>
        <line num="2" count="1" type="stmt"/>
        <line num="4" count="1" type="stmt"/>
        <line num="8" count="1" type="stmt"/>
        <line num="13" count="1" type="stmt"/>
      </file>
      <file name="document-response.dto.ts" path="/Users/admin/rohits/jk_poc/jk_tech_backend/src/documents/dto/document-response.dto.ts">
        <metrics statements="12" coveredstatements="12" conditionals="0" coveredconditionals="0" methods="0" coveredmethods="0"/>
        <line num="1" count="1" type="stmt"/>
        <line num="3" count="1" type="stmt"/>
        <line num="5" count="1" type="stmt"/>
        <line num="8" count="1" type="stmt"/>
        <line num="11" count="1" type="stmt"/>
        <line num="14" count="1" type="stmt"/>
        <line num="17" count="1" type="stmt"/>
        <line num="20" count="1" type="stmt"/>
        <line num="23" count="1" type="stmt"/>
        <line num="26" count="1" type="stmt"/>
        <line num="29" count="1" type="stmt"/>
        <line num="38" count="1" type="stmt"/>
      </file>
      <file name="pagination-query.dto.ts" path="/Users/admin/rohits/jk_poc/jk_tech_backend/src/documents/dto/pagination-query.dto.ts">
        <metrics statements="8" coveredstatements="6" conditionals="0" coveredconditionals="0" methods="3" coveredmethods="0"/>
        <line num="1" count="1" type="stmt"/>
        <line num="2" count="1" type="stmt"/>
        <line num="3" count="1" type="stmt"/>
        <line num="5" count="1" type="stmt"/>
        <line num="8" count="0" type="stmt"/>
        <line num="11" count="1" type="stmt"/>
        <line num="15" count="0" type="stmt"/>
        <line num="18" count="1" type="stmt"/>
      </file>
      <file name="update-document.dto.ts" path="/Users/admin/rohits/jk_poc/jk_tech_backend/src/documents/dto/update-document.dto.ts">
        <metrics statements="5" coveredstatements="5" conditionals="0" coveredconditionals="0" methods="0" coveredmethods="0"/>
        <line num="1" count="1" type="stmt"/>
        <line num="2" count="1" type="stmt"/>
        <line num="4" count="1" type="stmt"/>
        <line num="8" count="1" type="stmt"/>
        <line num="13" count="1" type="stmt"/>
      </file>
    </package>
    <package name="src.ingestion">
      <metrics statements="152" coveredstatements="123" conditionals="40" coveredconditionals="31" methods="29" coveredmethods="23"/>
      <file name="ingestion.controller.ts" path="/Users/admin/rohits/jk_poc/jk_tech_backend/src/ingestion/ingestion.controller.ts">
        <metrics statements="18" coveredstatements="18" conditionals="0" coveredconditionals="0" methods="4" coveredmethods="4"/>
        <line num="1" count="1" type="stmt"/>
        <line num="2" count="1" type="stmt"/>
        <line num="3" count="1" type="stmt"/>
        <line num="4" count="1" type="stmt"/>
        <line num="5" count="1" type="stmt"/>
        <line num="6" count="1" type="stmt"/>
        <line num="7" count="1" type="stmt"/>
        <line num="8" count="1" type="stmt"/>
        <line num="9" count="1" type="stmt"/>
        <line num="10" count="1" type="stmt"/>
        <line num="16" count="1" type="stmt"/>
        <line num="17" count="3" type="stmt"/>
        <line num="26" count="1" type="stmt"/>
        <line num="27" count="1" type="stmt"/>
        <line num="34" count="1" type="stmt"/>
        <line num="35" count="1" type="stmt"/>
        <line num="41" count="1" type="stmt"/>
        <line num="42" count="1" type="stmt"/>
      </file>
      <file name="ingestion.module.ts" path="/Users/admin/rohits/jk_poc/jk_tech_backend/src/ingestion/ingestion.module.ts">
        <metrics statements="8" coveredstatements="0" conditionals="0" coveredconditionals="0" methods="1" coveredmethods="0"/>
        <line num="1" count="0" type="stmt"/>
        <line num="2" count="0" type="stmt"/>
        <line num="3" count="0" type="stmt"/>
        <line num="4" count="0" type="stmt"/>
        <line num="5" count="0" type="stmt"/>
        <line num="6" count="0" type="stmt"/>
        <line num="9" count="0" type="stmt"/>
        <line num="14" count="0" type="stmt"/>
      </file>
      <file name="ingestion.service.ts" path="/Users/admin/rohits/jk_poc/jk_tech_backend/src/ingestion/ingestion.service.ts">
        <metrics statements="95" coveredstatements="91" conditionals="36" coveredconditionals="30" methods="17" coveredmethods="15"/>
        <line num="1" count="4" type="stmt"/>
        <line num="2" count="4" type="stmt"/>
        <line num="3" count="4" type="stmt"/>
        <line num="4" count="4" type="stmt"/>
        <line num="5" count="4" type="stmt"/>
        <line num="7" count="4" type="stmt"/>
        <line num="10" count="4" type="stmt"/>
        <line num="12" count="27" type="stmt"/>
        <line num="13" count="27" type="stmt"/>
        <line num="14" count="27" type="stmt"/>
        <line num="15" count="27" type="stmt"/>
        <line num="16" count="27" type="stmt"/>
        <line num="21" count="1" type="stmt"/>
        <line num="26" count="2" type="stmt"/>
        <line num="29" count="2" type="stmt"/>
        <line num="32" count="2" type="stmt"/>
        <line num="42" count="2" type="cond" truecount="1" falsecount="1"/>
        <line num="45" count="2" type="stmt"/>
        <line num="47" count="2" type="cond" truecount="2" falsecount="0"/>
        <line num="49" count="1" type="stmt"/>
        <line num="54" count="0" type="stmt"/>
        <line num="59" count="1" type="stmt"/>
        <line num="62" count="2" type="stmt"/>
        <line num="67" count="2" type="stmt"/>
        <line num="73" count="2" type="stmt"/>
        <line num="100" count="2" type="stmt"/>
        <line num="102" count="2" type="cond" truecount="1" falsecount="1"/>
        <line num="104" count="2" type="stmt"/>
        <line num="107" count="0" type="cond" truecount="0" falsecount="2"/>
        <line num="108" count="0" type="stmt"/>
        <line num="112" count="2" type="stmt"/>
        <line num="117" count="2" type="stmt"/>
        <line num="121" count="4" type="stmt"/>
        <line num="145" count="4" type="cond" truecount="1" falsecount="0"/>
        <line num="146" count="1" type="stmt"/>
        <line num="150" count="3" type="cond" truecount="3" falsecount="0"/>
        <line num="151" count="1" type="stmt"/>
        <line num="154" count="2" type="stmt"/>
        <line num="158" count="3" type="cond" truecount="0" falsecount="2"/>
        <line num="159" count="3" type="stmt"/>
        <line num="162" count="3" type="cond" truecount="2" falsecount="0"/>
        <line num="166" count="3" type="cond" truecount="1" falsecount="0"/>
        <line num="167" count="2" type="stmt"/>
        <line num="170" count="3" type="stmt"/>
        <line num="197" count="3" type="stmt"/>
        <line num="209" count="2" type="stmt"/>
        <line num="214" count="2" type="cond" truecount="3" falsecount="0"/>
        <line num="215" count="2" type="stmt"/>
        <line num="218" count="2" type="cond" truecount="1" falsecount="0"/>
        <line num="219" count="1" type="stmt"/>
        <line num="222" count="2" type="stmt"/>
        <line num="231" count="3" type="stmt"/>
        <line num="233" count="3" type="stmt"/>
        <line num="236" count="2" type="cond" truecount="2" falsecount="0"/>
        <line num="237" count="1" type="stmt"/>
        <line num="240" count="1" type="stmt"/>
        <line num="242" count="1" type="stmt"/>
        <line num="243" count="1" type="cond" truecount="1" falsecount="0"/>
        <line num="244" count="1" type="stmt"/>
        <line num="245" count="1" type="stmt"/>
        <line num="248" count="1" type="stmt"/>
        <line num="250" count="1" type="stmt"/>
        <line num="257" count="1" type="stmt"/>
        <line num="268" count="1" type="stmt"/>
        <line num="273" count="0" type="stmt"/>
        <line num="280" count="3" type="stmt"/>
        <line num="281" count="3" type="stmt"/>
        <line num="284" count="3" type="stmt"/>
        <line num="288" count="2" type="cond" truecount="1" falsecount="0"/>
        <line num="289" count="1" type="stmt"/>
        <line num="290" count="1" type="stmt"/>
        <line num="300" count="1" type="stmt"/>
        <line num="301" count="1" type="stmt"/>
        <line num="304" count="1" type="stmt"/>
        <line num="305" count="2" type="stmt"/>
        <line num="321" count="1" type="stmt"/>
        <line num="322" count="1" type="stmt"/>
        <line num="325" count="1" type="stmt"/>
        <line num="331" count="2" type="stmt"/>
        <line num="345" count="2" type="stmt"/>
        <line num="350" count="4" type="stmt"/>
        <line num="351" count="4" type="stmt"/>
        <line num="352" count="4" type="stmt"/>
        <line num="354" count="4" type="stmt"/>
        <line num="355" count="10" type="cond" truecount="2" falsecount="0"/>
        <line num="357" count="10" type="cond" truecount="2" falsecount="0"/>
        <line num="358" count="6" type="stmt"/>
        <line num="360" count="4" type="cond" truecount="2" falsecount="0"/>
        <line num="361" count="3" type="stmt"/>
        <line num="362" count="3" type="stmt"/>
        <line num="365" count="1" type="stmt"/>
        <line num="366" count="1" type="stmt"/>
        <line num="371" count="4" type="cond" truecount="1" falsecount="0"/>
        <line num="372" count="3" type="stmt"/>
        <line num="375" count="7" type="stmt"/>
      </file>
      <file name="mock-ingestion.service.ts" path="/Users/admin/rohits/jk_poc/jk_tech_backend/src/ingestion/mock-ingestion.service.ts">
        <metrics statements="31" coveredstatements="14" conditionals="4" coveredconditionals="1" methods="7" coveredmethods="4"/>
        <line num="1" count="5" type="stmt"/>
        <line num="2" count="5" type="stmt"/>
        <line num="3" count="5" type="stmt"/>
        <line num="6" count="5" type="stmt"/>
        <line num="7" count="3" type="stmt"/>
        <line num="16" count="1" type="stmt"/>
        <line num="19" count="1" type="stmt"/>
        <line num="20" count="1" type="stmt"/>
        <line num="21" count="1" type="cond" truecount="1" falsecount="1"/>
        <line num="22" count="1" type="stmt"/>
        <line num="23" count="1" type="stmt"/>
        <line num="24" count="0" type="stmt"/>
        <line num="25" count="0" type="stmt"/>
        <line num="27" count="0" type="stmt"/>
        <line num="28" count="0" type="stmt"/>
        <line num="32" count="0" type="stmt"/>
        <line num="34" count="0" type="stmt"/>
        <line num="35" count="0" type="stmt"/>
        <line num="36" count="0" type="stmt"/>
        <line num="46" count="1" type="stmt"/>
        <line num="49" count="1" type="stmt"/>
        <line num="50" count="0" type="stmt"/>
        <line num="52" count="0" type="stmt"/>
        <line num="54" count="0" type="cond" truecount="0" falsecount="2"/>
        <line num="55" count="0" type="stmt"/>
        <line num="62" count="0" type="stmt"/>
        <line num="64" count="0" type="stmt"/>
        <line num="72" count="0" type="stmt"/>
        <line num="75" count="0" type="stmt"/>
        <line num="76" count="0" type="stmt"/>
        <line num="89" count="1" type="stmt"/>
      </file>
    </package>
    <package name="src.ingestion.dto">
      <metrics statements="28" coveredstatements="26" conditionals="0" coveredconditionals="0" methods="3" coveredmethods="0"/>
      <file name="ingestion-job-response.dto.ts" path="/Users/admin/rohits/jk_poc/jk_tech_backend/src/ingestion/dto/ingestion-job-response.dto.ts">
        <metrics statements="14" coveredstatements="14" conditionals="0" coveredconditionals="0" methods="0" coveredmethods="0"/>
        <line num="1" count="1" type="stmt"/>
        <line num="2" count="1" type="stmt"/>
        <line num="4" count="1" type="stmt"/>
        <line num="6" count="1" type="stmt"/>
        <line num="9" count="1" type="stmt"/>
        <line num="12" count="1" type="stmt"/>
        <line num="15" count="1" type="stmt"/>
        <line num="18" count="1" type="stmt"/>
        <line num="21" count="1" type="stmt"/>
        <line num="24" count="1" type="stmt"/>
        <line num="27" count="1" type="stmt"/>
        <line num="30" count="1" type="stmt"/>
        <line num="40" count="1" type="stmt"/>
        <line num="54" count="1" type="stmt"/>
      </file>
      <file name="ingestion-jobs-query.dto.ts" path="/Users/admin/rohits/jk_poc/jk_tech_backend/src/ingestion/dto/ingestion-jobs-query.dto.ts">
        <metrics statements="10" coveredstatements="8" conditionals="0" coveredconditionals="0" methods="3" coveredmethods="0"/>
        <line num="1" count="1" type="stmt"/>
        <line num="2" count="1" type="stmt"/>
        <line num="3" count="1" type="stmt"/>
        <line num="4" count="1" type="stmt"/>
        <line num="6" count="1" type="stmt"/>
        <line num="9" count="0" type="stmt"/>
        <line num="12" count="1" type="stmt"/>
        <line num="16" count="0" type="stmt"/>
        <line num="19" count="1" type="stmt"/>
        <line num="23" count="1" type="stmt"/>
      </file>
      <file name="trigger-ingestion.dto.ts" path="/Users/admin/rohits/jk_poc/jk_tech_backend/src/ingestion/dto/trigger-ingestion.dto.ts">
        <metrics statements="4" coveredstatements="4" conditionals="0" coveredconditionals="0" methods="0" coveredmethods="0"/>
        <line num="1" count="1" type="stmt"/>
        <line num="2" count="1" type="stmt"/>
        <line num="4" count="1" type="stmt"/>
        <line num="8" count="1" type="stmt"/>
      </file>
    </package>
    <package name="src.prisma">
      <metrics statements="7" coveredstatements="3" conditionals="0" coveredconditionals="0" methods="1" coveredmethods="0"/>
      <file name="prisma.module.ts" path="/Users/admin/rohits/jk_poc/jk_tech_backend/src/prisma/prisma.module.ts">
        <metrics statements="3" coveredstatements="0" conditionals="0" coveredconditionals="0" methods="0" coveredmethods="0"/>
        <line num="1" count="0" type="stmt"/>
        <line num="2" count="0" type="stmt"/>
        <line num="8" count="0" type="stmt"/>
      </file>
      <file name="prisma.service.ts" path="/Users/admin/rohits/jk_poc/jk_tech_backend/src/prisma/prisma.service.ts">
        <metrics statements="4" coveredstatements="3" conditionals="0" coveredconditionals="0" methods="1" coveredmethods="0"/>
        <line num="1" count="12" type="stmt"/>
        <line num="2" count="12" type="stmt"/>
        <line num="5" count="12" type="stmt"/>
        <line num="7" count="0" type="stmt"/>
      </file>
    </package>
    <package name="src.qna">
      <metrics statements="92" coveredstatements="74" conditionals="10" coveredconditionals="8" methods="24" coveredmethods="17"/>
      <file name="qna.controller.ts" path="/Users/admin/rohits/jk_poc/jk_tech_backend/src/qna/qna.controller.ts">
        <metrics statements="28" coveredstatements="28" conditionals="0" coveredconditionals="0" methods="7" coveredmethods="7"/>
        <line num="1" count="1" type="stmt"/>
        <line num="14" count="1" type="stmt"/>
        <line num="22" count="1" type="stmt"/>
        <line num="23" count="1" type="stmt"/>
        <line num="24" count="1" type="stmt"/>
        <line num="25" count="1" type="stmt"/>
        <line num="26" count="1" type="stmt"/>
        <line num="27" count="1" type="stmt"/>
        <line num="33" count="1" type="stmt"/>
        <line num="34" count="6" type="stmt"/>
        <line num="44" count="1" type="stmt"/>
        <line num="48" count="1" type="stmt"/>
        <line num="49" count="1" type="stmt"/>
        <line num="59" count="1" type="stmt"/>
        <line num="63" count="1" type="stmt"/>
        <line num="64" count="1" type="stmt"/>
        <line num="81" count="1" type="stmt"/>
        <line num="85" count="1" type="stmt"/>
        <line num="86" count="1" type="stmt"/>
        <line num="97" count="1" type="stmt"/>
        <line num="101" count="1" type="stmt"/>
        <line num="102" count="1" type="stmt"/>
        <line num="118" count="1" type="stmt"/>
        <line num="123" count="1" type="stmt"/>
        <line num="124" count="1" type="stmt"/>
        <line num="140" count="1" type="stmt"/>
        <line num="144" count="1" type="stmt"/>
        <line num="145" count="1" type="stmt"/>
      </file>
      <file name="qna.module.ts" path="/Users/admin/rohits/jk_poc/jk_tech_backend/src/qna/qna.module.ts">
        <metrics statements="5" coveredstatements="0" conditionals="0" coveredconditionals="0" methods="0" coveredmethods="0"/>
        <line num="1" count="0" type="stmt"/>
        <line num="2" count="0" type="stmt"/>
        <line num="3" count="0" type="stmt"/>
        <line num="4" count="0" type="stmt"/>
        <line num="12" count="0" type="stmt"/>
      </file>
      <file name="qna.service.ts" path="/Users/admin/rohits/jk_poc/jk_tech_backend/src/qna/qna.service.ts">
        <metrics statements="59" coveredstatements="46" conditionals="10" coveredconditionals="8" methods="17" coveredmethods="10"/>
        <line num="1" count="2" type="stmt"/>
        <line num="2" count="2" type="stmt"/>
        <line num="8" count="2" type="stmt"/>
        <line num="9" count="11" type="stmt"/>
        <line num="12" count="1" type="stmt"/>
        <line num="24" count="1" type="stmt"/>
        <line num="28" count="2" type="stmt"/>
        <line num="33" count="2" type="cond" truecount="1" falsecount="0"/>
        <line num="34" count="1" type="stmt"/>
        <line num="40" count="2" type="stmt"/>
        <line num="57" count="2" type="stmt"/>
        <line num="66" count="2" type="stmt"/>
        <line num="80" count="2" type="cond" truecount="1" falsecount="0"/>
        <line num="81" count="1" type="stmt"/>
        <line num="84" count="1" type="stmt"/>
        <line num="88" count="2" type="stmt"/>
        <line num="91" count="2" type="stmt"/>
        <line num="99" count="2" type="cond" truecount="1" falsecount="0"/>
        <line num="100" count="1" type="stmt"/>
        <line num="104" count="1" type="stmt"/>
        <line num="114" count="1" type="stmt"/>
        <line num="117" count="1" type="stmt"/>
        <line num="128" count="1" type="stmt"/>
        <line num="133" count="1" type="stmt"/>
        <line num="140" count="2" type="stmt"/>
        <line num="148" count="2" type="cond" truecount="1" falsecount="0"/>
        <line num="149" count="1" type="stmt"/>
        <line num="153" count="1" type="stmt"/>
        <line num="173" count="1" type="stmt"/>
        <line num="177" count="1" type="stmt"/>
        <line num="185" count="1" type="stmt"/>
        <line num="186" count="1" type="stmt"/>
        <line num="188" count="1" type="cond" truecount="2" falsecount="2"/>
        <line num="190" count="0" type="stmt"/>
        <line num="191" count="0" type="stmt"/>
        <line num="192" count="0" type="stmt"/>
        <line num="199" count="1" type="stmt"/>
        <line num="200" count="1" type="stmt"/>
        <line num="201" count="1" type="stmt"/>
        <line num="209" count="1" type="stmt"/>
        <line num="211" count="1" type="stmt"/>
        <line num="221" count="0" type="stmt"/>
        <line num="222" count="0" type="stmt"/>
        <line num="235" count="0" type="stmt"/>
        <line num="257" count="0" type="stmt"/>
        <line num="258" count="0" type="stmt"/>
        <line num="264" count="1" type="stmt"/>
        <line num="286" count="1" type="stmt"/>
        <line num="287" count="0" type="stmt"/>
        <line num="293" count="1" type="cond" truecount="1" falsecount="0"/>
        <line num="294" count="1" type="stmt"/>
        <line num="297" count="0" type="stmt"/>
        <line num="304" count="0" type="stmt"/>
        <line num="307" count="0" type="stmt"/>
        <line num="308" count="0" type="stmt"/>
        <line num="313" count="2" type="stmt"/>
        <line num="321" count="2" type="cond" truecount="1" falsecount="0"/>
        <line num="322" count="1" type="stmt"/>
        <line num="325" count="1" type="stmt"/>
      </file>
    </package>
    <package name="src.qna.dto">
      <metrics statements="33" coveredstatements="31" conditionals="0" coveredconditionals="0" methods="3" coveredmethods="0"/>
      <file name="conversation-response.dto.ts" path="/Users/admin/rohits/jk_poc/jk_tech_backend/src/qna/dto/conversation-response.dto.ts">
        <metrics statements="14" coveredstatements="14" conditionals="0" coveredconditionals="0" methods="0" coveredmethods="0"/>
        <line num="1" count="1" type="stmt"/>
        <line num="3" count="1" type="stmt"/>
        <line num="8" count="1" type="stmt"/>
        <line num="14" count="1" type="stmt"/>
        <line num="20" count="1" type="stmt"/>
        <line num="25" count="1" type="stmt"/>
        <line num="31" count="1" type="stmt"/>
        <line num="34" count="1" type="stmt"/>
        <line num="39" count="1" type="stmt"/>
        <line num="45" count="1" type="stmt"/>
        <line num="51" count="1" type="stmt"/>
        <line num="57" count="1" type="stmt"/>
        <line num="63" count="1" type="stmt"/>
        <line num="69" count="1" type="stmt"/>
      </file>
      <file name="conversations-query.dto.ts" path="/Users/admin/rohits/jk_poc/jk_tech_backend/src/qna/dto/conversations-query.dto.ts">
        <metrics statements="9" coveredstatements="7" conditionals="0" coveredconditionals="0" methods="3" coveredmethods="0"/>
        <line num="1" count="1" type="stmt"/>
        <line num="2" count="1" type="stmt"/>
        <line num="3" count="1" type="stmt"/>
        <line num="5" count="1" type="stmt"/>
        <line num="13" count="0" type="stmt"/>
        <line num="16" count="1" type="stmt"/>
        <line num="25" count="0" type="stmt"/>
        <line num="28" count="1" type="stmt"/>
        <line num="36" count="1" type="stmt"/>
      </file>
      <file name="create-conversation.dto.ts" path="/Users/admin/rohits/jk_poc/jk_tech_backend/src/qna/dto/create-conversation.dto.ts">
        <metrics statements="4" coveredstatements="4" conditionals="0" coveredconditionals="0" methods="0" coveredmethods="0"/>
        <line num="1" count="1" type="stmt"/>
        <line num="2" count="1" type="stmt"/>
        <line num="4" count="1" type="stmt"/>
        <line num="11" count="1" type="stmt"/>
      </file>
      <file name="send-message.dto.ts" path="/Users/admin/rohits/jk_poc/jk_tech_backend/src/qna/dto/send-message.dto.ts">
        <metrics statements="6" coveredstatements="6" conditionals="0" coveredconditionals="0" methods="0" coveredmethods="0"/>
        <line num="1" count="1" type="stmt"/>
        <line num="2" count="1" type="stmt"/>
        <line num="4" count="1" type="stmt"/>
        <line num="10" count="1" type="stmt"/>
        <line num="17" count="1" type="stmt"/>
        <line num="26" count="1" type="stmt"/>
      </file>
    </package>
    <package name="src.users">
      <metrics statements="46" coveredstatements="41" conditionals="3" coveredconditionals="3" methods="12" coveredmethods="12"/>
      <file name="users.controller.ts" path="/Users/admin/rohits/jk_poc/jk_tech_backend/src/users/users.controller.ts">
        <metrics statements="19" coveredstatements="19" conditionals="0" coveredconditionals="0" methods="5" coveredmethods="5"/>
        <line num="1" count="1" type="stmt"/>
        <line num="2" count="1" type="stmt"/>
        <line num="3" count="1" type="stmt"/>
        <line num="4" count="1" type="stmt"/>
        <line num="5" count="1" type="stmt"/>
        <line num="6" count="1" type="stmt"/>
        <line num="7" count="1" type="stmt"/>
        <line num="8" count="1" type="stmt"/>
        <line num="9" count="1" type="stmt"/>
        <line num="16" count="1" type="stmt"/>
        <line num="17" count="4" type="stmt"/>
        <line num="23" count="1" type="stmt"/>
        <line num="24" count="1" type="stmt"/>
        <line num="32" count="1" type="stmt"/>
        <line num="33" count="1" type="stmt"/>
        <line num="41" count="1" type="stmt"/>
        <line num="42" count="1" type="stmt"/>
        <line num="50" count="1" type="stmt"/>
        <line num="51" count="1" type="stmt"/>
      </file>
      <file name="users.module.ts" path="/Users/admin/rohits/jk_poc/jk_tech_backend/src/users/users.module.ts">
        <metrics statements="5" coveredstatements="0" conditionals="0" coveredconditionals="0" methods="0" coveredmethods="0"/>
        <line num="1" count="0" type="stmt"/>
        <line num="2" count="0" type="stmt"/>
        <line num="3" count="0" type="stmt"/>
        <line num="4" count="0" type="stmt"/>
        <line num="12" count="0" type="stmt"/>
      </file>
      <file name="users.service.ts" path="/Users/admin/rohits/jk_poc/jk_tech_backend/src/users/users.service.ts">
        <metrics statements="22" coveredstatements="22" conditionals="3" coveredconditionals="3" methods="7" coveredmethods="7"/>
        <line num="1" count="4" type="stmt"/>
        <line num="2" count="4" type="stmt"/>
        <line num="6" count="4" type="stmt"/>
        <line num="7" count="9" type="stmt"/>
        <line num="10" count="1" type="stmt"/>
        <line num="16" count="1" type="stmt"/>
        <line num="30" count="1" type="stmt"/>
        <line num="34" count="2" type="stmt"/>
        <line num="50" count="2" type="cond" truecount="1" falsecount="0"/>
        <line num="51" count="1" type="stmt"/>
        <line num="54" count="1" type="stmt"/>
        <line num="58" count="1" type="stmt"/>
        <line num="67" count="2" type="stmt"/>
        <line num="74" count="2" type="cond" truecount="1" falsecount="0"/>
        <line num="75" count="1" type="stmt"/>
        <line num="78" count="1" type="stmt"/>
        <line num="95" count="1" type="stmt"/>
        <line num="99" count="2" type="stmt"/>
        <line num="106" count="2" type="cond" truecount="1" falsecount="0"/>
        <line num="107" count="1" type="stmt"/>
        <line num="111" count="1" type="stmt"/>
        <line num="119" count="1" type="stmt"/>
      </file>
    </package>
    <package name="src.users.dto">
      <metrics statements="17" coveredstatements="17" conditionals="0" coveredconditionals="0" methods="0" coveredmethods="0"/>
      <file name="update-user.dto.ts" path="/Users/admin/rohits/jk_poc/jk_tech_backend/src/users/dto/update-user.dto.ts">
        <metrics statements="7" coveredstatements="7" conditionals="0" coveredconditionals="0" methods="0" coveredmethods="0"/>
        <line num="1" count="1" type="stmt"/>
        <line num="2" count="1" type="stmt"/>
        <line num="3" count="1" type="stmt"/>
        <line num="5" count="1" type="stmt"/>
        <line num="8" count="1" type="stmt"/>
        <line num="12" count="1" type="stmt"/>
        <line num="17" count="1" type="stmt"/>
      </file>
      <file name="user-response.dto.ts" path="/Users/admin/rohits/jk_poc/jk_tech_backend/src/users/dto/user-response.dto.ts">
        <metrics statements="10" coveredstatements="10" conditionals="0" coveredconditionals="0" methods="0" coveredmethods="0"/>
        <line num="1" count="1" type="stmt"/>
        <line num="2" count="1" type="stmt"/>
        <line num="4" count="1" type="stmt"/>
        <line num="6" count="1" type="stmt"/>
        <line num="9" count="1" type="stmt"/>
        <line num="12" count="1" type="stmt"/>
        <line num="15" count="1" type="stmt"/>
        <line num="18" count="1" type="stmt"/>
        <line num="21" count="1" type="stmt"/>
        <line num="24" count="1" type="stmt"/>
      </file>
    </package>
    <package name="src.utils">
      <metrics statements="4" coveredstatements="4" conditionals="0" coveredconditionals="0" methods="0" coveredmethods="0"/>
      <file name="StringConst.ts" path="/Users/admin/rohits/jk_poc/jk_tech_backend/src/utils/StringConst.ts">
        <metrics statements="4" coveredstatements="4" conditionals="0" coveredconditionals="0" methods="0" coveredmethods="0"/>
        <line num="1" count="9" type="stmt"/>
        <line num="8" count="9" type="stmt"/>
        <line num="10" count="9" type="stmt"/>
        <line num="16" count="9" type="stmt"/>
      </file>
    </package>
  </project>
</coverage>
