{"/Users/admin/rohits/jk_poc/jk_tech_backend/src/app.module.ts": {"path":"/Users/admin/rohits/jk_poc/jk_tech_backend/src/app.module.ts","statementMap":{"0":{"start":{"line":1,"column":0},"end":{"line":1,"column":40}},"1":{"start":{"line":2,"column":0},"end":{"line":2,"column":46}},"2":{"start":{"line":3,"column":0},"end":{"line":3,"column":54}},"3":{"start":{"line":4,"column":0},"end":{"line":4,"column":48}},"4":{"start":{"line":5,"column":0},"end":{"line":5,"column":51}},"5":{"start":{"line":6,"column":0},"end":{"line":6,"column":63}},"6":{"start":{"line":7,"column":0},"end":{"line":7,"column":63}},"7":{"start":{"line":8,"column":0},"end":{"line":8,"column":45}},"8":{"start":{"line":23,"column":7},"end":{"line":23,"column":null}},"9":{"start":{"line":23,"column":13},"end":{"line":23,"column":22}},"10":{"start":{"line":23,"column":13},"end":{"line":23,"column":null}}},"fnMap":{},"branchMap":{},"s":{"0":0,"1":0,"2":0,"3":0,"4":0,"5":0,"6":0,"7":0,"8":0,"9":0,"10":0},"f":{},"b":{}}
,"/Users/admin/rohits/jk_poc/jk_tech_backend/src/main.ts": {"path":"/Users/admin/rohits/jk_poc/jk_tech_backend/src/main.ts","statementMap":{"0":{"start":{"line":1,"column":0},"end":{"line":1,"column":43}},"1":{"start":{"line":2,"column":0},"end":{"line":2,"column":48}},"2":{"start":{"line":3,"column":0},"end":{"line":3,"column":65}},"3":{"start":{"line":4,"column":0},"end":{"line":4,"column":41}},"4":{"start":{"line":7,"column":14},"end":{"line":7,"column":49}},"5":{"start":{"line":10,"column":2},"end":{"line":14,"column":6}},"6":{"start":{"line":17,"column":2},"end":{"line":17,"column":19}},"7":{"start":{"line":20,"column":17},"end":{"line":25,"column":12}},"8":{"start":{"line":27,"column":19},"end":{"line":27,"column":60}},"9":{"start":{"line":28,"column":2},"end":{"line":28,"column":44}},"10":{"start":{"line":30,"column":2},"end":{"line":30,"column":25}},"11":{"start":{"line":31,"column":2},"end":{"line":31,"column":66}},"12":{"start":{"line":32,"column":2},"end":{"line":32,"column":66}},"13":{"start":{"line":34,"column":0},"end":{"line":34,"column":12}}},"fnMap":{"0":{"name":"bootstrap","decl":{"start":{"line":6,"column":15},"end":{"line":6,"column":24}},"loc":{"start":{"line":6,"column":24},"end":{"line":33,"column":1}}}},"branchMap":{},"s":{"0":0,"1":0,"2":0,"3":0,"4":0,"5":0,"6":0,"7":0,"8":0,"9":0,"10":0,"11":0,"12":0,"13":0},"f":{"0":0},"b":{}}
,"/Users/admin/rohits/jk_poc/jk_tech_backend/src/auth/auth.controller.ts": {"path":"/Users/admin/rohits/jk_poc/jk_tech_backend/src/auth/auth.controller.ts","statementMap":{"0":{"start":{"line":1,"column":0},"end":{"line":1,"column":81}},"1":{"start":{"line":2,"column":0},"end":{"line":2,"column":84}},"2":{"start":{"line":3,"column":0},"end":{"line":3,"column":45}},"3":{"start":{"line":4,"column":0},"end":{"line":4,"column":59}},"4":{"start":{"line":5,"column":0},"end":{"line":5,"column":55}},"5":{"start":{"line":6,"column":0},"end":{"line":6,"column":49}},"6":{"start":{"line":7,"column":0},"end":{"line":7,"column":43}},"7":{"start":{"line":8,"column":0},"end":{"line":8,"column":60}},"8":{"start":{"line":9,"column":0},"end":{"line":9,"column":56}},"9":{"start":{"line":13,"column":7},"end":{"line":52,"column":null}},"10":{"start":{"line":14,"column":31},"end":{"line":14,"column":44}},"11":{"start":{"line":22,"column":4},"end":{"line":22,"column":50}},"12":{"start":{"line":31,"column":4},"end":{"line":31,"column":44}},"13":{"start":{"line":41,"column":4},"end":{"line":41,"column":20}},"14":{"start":{"line":50,"column":4},"end":{"line":50,"column":44}},"15":{"start":{"line":13,"column":13},"end":{"line":13,"column":27}},"16":{"start":{"line":21,"column":8},"end":{"line":23,"column":null}},"17":{"start":{"line":30,"column":8},"end":{"line":32,"column":null}},"18":{"start":{"line":40,"column":2},"end":{"line":42,"column":null}},"19":{"start":{"line":49,"column":8},"end":{"line":51,"column":null}},"20":{"start":{"line":13,"column":13},"end":{"line":52,"column":null}}},"fnMap":{"0":{"name":"(anonymous_4)","decl":{"start":{"line":14,"column":2},"end":{"line":14,"column":31}},"loc":{"start":{"line":14,"column":55},"end":{"line":14,"column":59}}},"1":{"name":"(anonymous_5)","decl":{"start":{"line":21,"column":2},"end":{"line":21,"column":7}},"loc":{"start":{"line":21,"column":49},"end":{"line":23,"column":3}}},"2":{"name":"(anonymous_6)","decl":{"start":{"line":30,"column":2},"end":{"line":30,"column":7}},"loc":{"start":{"line":30,"column":56},"end":{"line":32,"column":3}}},"3":{"name":"(anonymous_7)","decl":{"start":{"line":40,"column":2},"end":{"line":40,"column":12}},"loc":{"start":{"line":40,"column":27},"end":{"line":42,"column":3}}},"4":{"name":"(anonymous_8)","decl":{"start":{"line":49,"column":2},"end":{"line":49,"column":7}},"loc":{"start":{"line":49,"column":14},"end":{"line":51,"column":3}}}},"branchMap":{},"s":{"0":1,"1":1,"2":1,"3":1,"4":1,"5":1,"6":1,"7":1,"8":1,"9":1,"10":4,"11":1,"12":1,"13":1,"14":1,"15":1,"16":1,"17":1,"18":1,"19":1,"20":1},"f":{"0":4,"1":1,"2":1,"3":1,"4":1},"b":{}}
,"/Users/admin/rohits/jk_poc/jk_tech_backend/src/auth/auth.module.ts": {"path":"/Users/admin/rohits/jk_poc/jk_tech_backend/src/auth/auth.module.ts","statementMap":{"0":{"start":{"line":1,"column":0},"end":{"line":1,"column":40}},"1":{"start":{"line":2,"column":0},"end":{"line":2,"column":40}},"2":{"start":{"line":3,"column":0},"end":{"line":3,"column":50}},"3":{"start":{"line":4,"column":0},"end":{"line":4,"column":47}},"4":{"start":{"line":5,"column":0},"end":{"line":5,"column":51}},"5":{"start":{"line":6,"column":0},"end":{"line":6,"column":45}},"6":{"start":{"line":7,"column":0},"end":{"line":7,"column":56}},"7":{"start":{"line":8,"column":0},"end":{"line":8,"column":60}},"8":{"start":{"line":9,"column":0},"end":{"line":9,"column":52}},"9":{"start":{"line":27,"column":7},"end":{"line":27,"column":null}},"10":{"start":{"line":27,"column":13},"end":{"line":27,"column":23}},"11":{"start":{"line":27,"column":13},"end":{"line":27,"column":null}},"12":{"start":{"line":16,"column":59},"end":{"line":19,"column":8}}},"fnMap":{"0":{"name":"(anonymous_1)","decl":{"start":{"line":16,"column":18},"end":{"line":16,"column":23}},"loc":{"start":{"line":16,"column":59},"end":{"line":19,"column":8}}}},"branchMap":{},"s":{"0":0,"1":0,"2":0,"3":0,"4":0,"5":0,"6":0,"7":0,"8":0,"9":0,"10":0,"11":0,"12":0},"f":{"0":0},"b":{}}
,"/Users/admin/rohits/jk_poc/jk_tech_backend/src/auth/auth.service.ts": {"path":"/Users/admin/rohits/jk_poc/jk_tech_backend/src/auth/auth.service.ts","statementMap":{"0":{"start":{"line":1,"column":0},"end":{"line":1,"column":106}},"1":{"start":{"line":2,"column":0},"end":{"line":2,"column":41}},"2":{"start":{"line":3,"column":0},"end":{"line":3,"column":33}},"3":{"start":{"line":4,"column":0},"end":{"line":4,"column":54}},"4":{"start":{"line":6,"column":0},"end":{"line":6,"column":46}},"5":{"start":{"line":9,"column":7},"end":{"line":58,"column":null}},"6":{"start":{"line":11,"column":12},"end":{"line":11,"column":26}},"7":{"start":{"line":12,"column":12},"end":{"line":12,"column":24}},"8":{"start":{"line":16,"column":17},"end":{"line":16,"column":59}},"9":{"start":{"line":17,"column":4},"end":{"line":23,"column":5}},"10":{"start":{"line":18,"column":6},"end":{"line":20,"column":7}},"11":{"start":{"line":19,"column":8},"end":{"line":19,"column":112}},"12":{"start":{"line":21,"column":41},"end":{"line":21,"column":45}},"13":{"start":{"line":22,"column":6},"end":{"line":22,"column":20}},"14":{"start":{"line":24,"column":4},"end":{"line":24,"column":16}},"15":{"start":{"line":28,"column":20},"end":{"line":28,"column":72}},"16":{"start":{"line":29,"column":4},"end":{"line":31,"column":6}},"17":{"start":{"line":35,"column":25},"end":{"line":35,"column":79}},"18":{"start":{"line":36,"column":4},"end":{"line":38,"column":5}},"19":{"start":{"line":37,"column":6},"end":{"line":37,"column":73}},"20":{"start":{"line":41,"column":4},"end":{"line":44,"column":5}},"21":{"start":{"line":46,"column":27},"end":{"line":46,"column":70}},"22":{"start":{"line":47,"column":21},"end":{"line":52,"column":6}},"23":{"start":{"line":54,"column":17},"end":{"line":54,"column":57}},"24":{"start":{"line":55,"column":36},"end":{"line":55,"column":40}},"25":{"start":{"line":56,"column":4},"end":{"line":56,"column":18}},"26":{"start":{"line":9,"column":13},"end":{"line":9,"column":24}},"27":{"start":{"line":9,"column":13},"end":{"line":58,"column":null}}},"fnMap":{"0":{"name":"(anonymous_2)","decl":{"start":{"line":10,"column":2},"end":{"line":10,"column":null}},"loc":{"start":{"line":12,"column":34},"end":{"line":13,"column":6}}},"1":{"name":"(anonymous_3)","decl":{"start":{"line":15,"column":2},"end":{"line":15,"column":7}},"loc":{"start":{"line":15,"column":52},"end":{"line":25,"column":3}}},"2":{"name":"(anonymous_4)","decl":{"start":{"line":27,"column":2},"end":{"line":27,"column":7}},"loc":{"start":{"line":27,"column":23},"end":{"line":32,"column":3}}},"3":{"name":"(anonymous_5)","decl":{"start":{"line":34,"column":2},"end":{"line":34,"column":7}},"loc":{"start":{"line":34,"column":41},"end":{"line":57,"column":3}}}},"branchMap":{"0":{"loc":{"start":{"line":17,"column":4},"end":{"line":23,"column":5}},"type":"if","locations":[{"start":{"line":17,"column":4},"end":{"line":23,"column":5}}]},"1":{"loc":{"start":{"line":17,"column":8},"end":{"line":17,"column":61}},"type":"binary-expr","locations":[{"start":{"line":17,"column":8},"end":{"line":17,"column":12}},{"start":{"line":17,"column":16},"end":{"line":17,"column":61}}]},"2":{"loc":{"start":{"line":18,"column":6},"end":{"line":20,"column":7}},"type":"if","locations":[{"start":{"line":18,"column":6},"end":{"line":20,"column":7}}]},"3":{"loc":{"start":{"line":36,"column":4},"end":{"line":38,"column":5}},"type":"if","locations":[{"start":{"line":36,"column":4},"end":{"line":38,"column":5}}]},"4":{"loc":{"start":{"line":41,"column":4},"end":{"line":44,"column":5}},"type":"if","locations":[{"start":{"line":41,"column":4},"end":{"line":44,"column":5}}]},"5":{"loc":{"start":{"line":41,"column":8},"end":{"line":41,"column":64}},"type":"binary-expr","locations":[{"start":{"line":41,"column":8},"end":{"line":41,"column":24}},{"start":{"line":41,"column":28},"end":{"line":41,"column":64}}]}},"s":{"0":2,"1":2,"2":2,"3":2,"4":2,"5":2,"6":6,"7":6,"8":3,"9":3,"10":2,"11":1,"12":1,"13":1,"14":1,"15":1,"16":1,"17":2,"18":2,"19":1,"20":1,"21":1,"22":1,"23":1,"24":1,"25":1,"26":2,"27":2},"f":{"0":6,"1":3,"2":1,"3":2},"b":{"0":[2],"1":[3,3],"2":[1],"3":[1],"4":[0],"5":[1,1]}}
,"/Users/admin/rohits/jk_poc/jk_tech_backend/src/auth/decorators/roles.decorator.ts": {"path":"/Users/admin/rohits/jk_poc/jk_tech_backend/src/auth/decorators/roles.decorator.ts","statementMap":{"0":{"start":{"line":2,"column":0},"end":{"line":2,"column":45}},"1":{"start":{"line":4,"column":13},"end":{"line":4,"column":33}},"2":{"start":{"line":5,"column":21},"end":{"line":5,"column":91}},"3":{"start":{"line":5,"column":62},"end":{"line":5,"column":91}},"4":{"start":{"line":5,"column":13},"end":{"line":5,"column":21}}},"fnMap":{"0":{"name":"(anonymous_0)","decl":{"start":{"line":5,"column":21},"end":{"line":5,"column":22}},"loc":{"start":{"line":5,"column":62},"end":{"line":5,"column":91}}}},"branchMap":{},"s":{"0":3,"1":3,"2":3,"3":4,"4":3},"f":{"0":4},"b":{}}
,"/Users/admin/rohits/jk_poc/jk_tech_backend/src/auth/dto/login-response.dto.ts": {"path":"/Users/admin/rohits/jk_poc/jk_tech_backend/src/auth/dto/login-response.dto.ts","statementMap":{"0":{"start":{"line":1,"column":0},"end":{"line":1,"column":46}},"1":{"start":{"line":3,"column":0},"end":{"line":3,"column":13}},"2":{"start":{"line":5,"column":2},"end":{"line":5,"column":null}}},"fnMap":{},"branchMap":{},"s":{"0":1,"1":1,"2":1},"f":{},"b":{}}
,"/Users/admin/rohits/jk_poc/jk_tech_backend/src/auth/dto/login.dto.ts": {"path":"/Users/admin/rohits/jk_poc/jk_tech_backend/src/auth/dto/login.dto.ts","statementMap":{"0":{"start":{"line":1,"column":0},"end":{"line":1,"column":46}},"1":{"start":{"line":2,"column":0},"end":{"line":2,"column":52}},"2":{"start":{"line":4,"column":0},"end":{"line":4,"column":13}},"3":{"start":{"line":7,"column":2},"end":{"line":7,"column":null}},"4":{"start":{"line":11,"column":2},"end":{"line":11,"column":null}}},"fnMap":{},"branchMap":{},"s":{"0":1,"1":1,"2":1,"3":1,"4":1},"f":{},"b":{}}
,"/Users/admin/rohits/jk_poc/jk_tech_backend/src/auth/dto/register.dto.ts": {"path":"/Users/admin/rohits/jk_poc/jk_tech_backend/src/auth/dto/register.dto.ts","statementMap":{"0":{"start":{"line":1,"column":0},"end":{"line":1,"column":67}},"1":{"start":{"line":2,"column":0},"end":{"line":2,"column":83}},"2":{"start":{"line":3,"column":0},"end":{"line":3,"column":49}},"3":{"start":{"line":6,"column":0},"end":{"line":6,"column":13}},"4":{"start":{"line":9,"column":2},"end":{"line":9,"column":null}},"5":{"start":{"line":13,"column":2},"end":{"line":13,"column":null}},"6":{"start":{"line":18,"column":2},"end":{"line":18,"column":null}},"7":{"start":{"line":22,"column":2},"end":{"line":22,"column":null}}},"fnMap":{},"branchMap":{},"s":{"0":1,"1":1,"2":1,"3":1,"4":1,"5":1,"6":1,"7":1},"f":{},"b":{}}
,"/Users/admin/rohits/jk_poc/jk_tech_backend/src/auth/dto/user-profile.dto.ts": {"path":"/Users/admin/rohits/jk_poc/jk_tech_backend/src/auth/dto/user-profile.dto.ts","statementMap":{"0":{"start":{"line":1,"column":0},"end":{"line":1,"column":46}},"1":{"start":{"line":2,"column":0},"end":{"line":2,"column":49}},"2":{"start":{"line":4,"column":0},"end":{"line":4,"column":13}},"3":{"start":{"line":6,"column":2},"end":{"line":6,"column":null}},"4":{"start":{"line":9,"column":2},"end":{"line":9,"column":null}},"5":{"start":{"line":12,"column":2},"end":{"line":12,"column":null}},"6":{"start":{"line":15,"column":2},"end":{"line":15,"column":null}},"7":{"start":{"line":18,"column":2},"end":{"line":18,"column":null}},"8":{"start":{"line":21,"column":2},"end":{"line":21,"column":null}}},"fnMap":{},"branchMap":{},"s":{"0":1,"1":1,"2":1,"3":1,"4":1,"5":1,"6":1,"7":1,"8":1},"f":{},"b":{}}
,"/Users/admin/rohits/jk_poc/jk_tech_backend/src/auth/guards/jwt-auth.guard.ts": {"path":"/Users/admin/rohits/jk_poc/jk_tech_backend/src/auth/guards/jwt-auth.guard.ts","statementMap":{"0":{"start":{"line":1,"column":0},"end":{"line":1,"column":44}},"1":{"start":{"line":2,"column":0},"end":{"line":2,"column":45}},"2":{"start":{"line":5,"column":7},"end":{"line":5,"column":null}},"3":{"start":{"line":5,"column":13},"end":{"line":5,"column":25}},"4":{"start":{"line":5,"column":13},"end":{"line":5,"column":null}}},"fnMap":{},"branchMap":{},"s":{"0":5,"1":5,"2":5,"3":5,"4":5},"f":{},"b":{}}
,"/Users/admin/rohits/jk_poc/jk_tech_backend/src/auth/guards/local-auth.guard.ts": {"path":"/Users/admin/rohits/jk_poc/jk_tech_backend/src/auth/guards/local-auth.guard.ts","statementMap":{"0":{"start":{"line":1,"column":0},"end":{"line":1,"column":44}},"1":{"start":{"line":2,"column":0},"end":{"line":2,"column":45}},"2":{"start":{"line":5,"column":7},"end":{"line":5,"column":null}},"3":{"start":{"line":5,"column":13},"end":{"line":5,"column":27}},"4":{"start":{"line":5,"column":13},"end":{"line":5,"column":null}}},"fnMap":{},"branchMap":{},"s":{"0":1,"1":1,"2":1,"3":1,"4":1},"f":{},"b":{}}
,"/Users/admin/rohits/jk_poc/jk_tech_backend/src/auth/guards/roles.guard.ts": {"path":"/Users/admin/rohits/jk_poc/jk_tech_backend/src/auth/guards/roles.guard.ts","statementMap":{"0":{"start":{"line":1,"column":0},"end":{"line":1,"column":75}},"1":{"start":{"line":2,"column":0},"end":{"line":2,"column":41}},"2":{"start":{"line":3,"column":0},"end":{"line":3,"column":58}},"3":{"start":{"line":6,"column":7},"end":{"line":22,"column":null}},"4":{"start":{"line":7,"column":22},"end":{"line":7,"column":33}},"5":{"start":{"line":10,"column":26},"end":{"line":13,"column":6}},"6":{"start":{"line":15,"column":4},"end":{"line":17,"column":5}},"7":{"start":{"line":16,"column":6},"end":{"line":16,"column":18}},"8":{"start":{"line":19,"column":21},"end":{"line":19,"column":56}},"9":{"start":{"line":20,"column":4},"end":{"line":20,"column":67}},"10":{"start":{"line":20,"column":40},"end":{"line":20,"column":65}},"11":{"start":{"line":6,"column":13},"end":{"line":6,"column":23}},"12":{"start":{"line":6,"column":13},"end":{"line":22,"column":null}}},"fnMap":{"0":{"name":"(anonymous_2)","decl":{"start":{"line":7,"column":2},"end":{"line":7,"column":22}},"loc":{"start":{"line":7,"column":42},"end":{"line":7,"column":46}}},"1":{"name":"(anonymous_3)","decl":{"start":{"line":9,"column":2},"end":{"line":9,"column":13}},"loc":{"start":{"line":9,"column":39},"end":{"line":21,"column":3}}},"2":{"name":"(anonymous_4)","decl":{"start":{"line":20,"column":30},"end":{"line":20,"column":31}},"loc":{"start":{"line":20,"column":40},"end":{"line":20,"column":65}}}},"branchMap":{"0":{"loc":{"start":{"line":15,"column":4},"end":{"line":17,"column":5}},"type":"if","locations":[{"start":{"line":15,"column":4},"end":{"line":17,"column":5}}]}},"s":{"0":3,"1":3,"2":3,"3":3,"4":13,"5":0,"6":0,"7":0,"8":0,"9":0,"10":0,"11":3,"12":3},"f":{"0":13,"1":0,"2":0},"b":{"0":[0]}}
,"/Users/admin/rohits/jk_poc/jk_tech_backend/src/auth/strategies/jwt.strategy.ts": {"path":"/Users/admin/rohits/jk_poc/jk_tech_backend/src/auth/strategies/jwt.strategy.ts","statementMap":{"0":{"start":{"line":1,"column":0},"end":{"line":1,"column":52}},"1":{"start":{"line":2,"column":0},"end":{"line":2,"column":52}},"2":{"start":{"line":3,"column":0},"end":{"line":3,"column":67}},"3":{"start":{"line":4,"column":0},"end":{"line":4,"column":47}},"4":{"start":{"line":5,"column":0},"end":{"line":5,"column":55}},"5":{"start":{"line":8,"column":7},"end":{"line":43,"column":null}},"6":{"start":{"line":13,"column":4},"end":{"line":17,"column":7}},"7":{"start":{"line":10,"column":12},"end":{"line":10,"column":27}},"8":{"start":{"line":11,"column":12},"end":{"line":11,"column":25}},"9":{"start":{"line":29,"column":17},"end":{"line":29,"column":61}},"10":{"start":{"line":31,"column":4},"end":{"line":33,"column":5}},"11":{"start":{"line":32,"column":6},"end":{"line":32,"column":56}},"12":{"start":{"line":35,"column":4},"end":{"line":37,"column":5}},"13":{"start":{"line":36,"column":6},"end":{"line":36,"column":110}},"14":{"start":{"line":39,"column":4},"end":{"line":41,"column":6}},"15":{"start":{"line":8,"column":13},"end":{"line":8,"column":24}},"16":{"start":{"line":8,"column":13},"end":{"line":43,"column":null}}},"fnMap":{"0":{"name":"(anonymous_2)","decl":{"start":{"line":9,"column":2},"end":{"line":9,"column":null}},"loc":{"start":{"line":11,"column":37},"end":{"line":18,"column":3}}},"1":{"name":"(anonymous_3)","decl":{"start":{"line":28,"column":2},"end":{"line":28,"column":7}},"loc":{"start":{"line":28,"column":29},"end":{"line":42,"column":3}}}},"branchMap":{"0":{"loc":{"start":{"line":31,"column":4},"end":{"line":33,"column":5}},"type":"if","locations":[{"start":{"line":31,"column":4},"end":{"line":33,"column":5}}]},"1":{"loc":{"start":{"line":35,"column":4},"end":{"line":37,"column":5}},"type":"if","locations":[{"start":{"line":35,"column":4},"end":{"line":37,"column":5}}]}},"s":{"0":0,"1":0,"2":0,"3":0,"4":0,"5":0,"6":0,"7":0,"8":0,"9":0,"10":0,"11":0,"12":0,"13":0,"14":0,"15":0,"16":0},"f":{"0":0,"1":0},"b":{"0":[0],"1":[0]}}
,"/Users/admin/rohits/jk_poc/jk_tech_backend/src/auth/strategies/local.strategy.ts": {"path":"/Users/admin/rohits/jk_poc/jk_tech_backend/src/auth/strategies/local.strategy.ts","statementMap":{"0":{"start":{"line":1,"column":0},"end":{"line":1,"column":42}},"1":{"start":{"line":2,"column":0},"end":{"line":2,"column":52}},"2":{"start":{"line":3,"column":0},"end":{"line":3,"column":67}},"3":{"start":{"line":4,"column":0},"end":{"line":4,"column":46}},"4":{"start":{"line":7,"column":7},"end":{"line":19,"column":null}},"5":{"start":{"line":9,"column":4},"end":{"line":9,"column":38}},"6":{"start":{"line":8,"column":22},"end":{"line":8,"column":35}},"7":{"start":{"line":13,"column":17},"end":{"line":13,"column":69}},"8":{"start":{"line":14,"column":4},"end":{"line":16,"column":5}},"9":{"start":{"line":15,"column":6},"end":{"line":15,"column":61}},"10":{"start":{"line":17,"column":4},"end":{"line":17,"column":16}},"11":{"start":{"line":7,"column":13},"end":{"line":7,"column":26}},"12":{"start":{"line":7,"column":13},"end":{"line":19,"column":null}}},"fnMap":{"0":{"name":"(anonymous_2)","decl":{"start":{"line":8,"column":2},"end":{"line":8,"column":22}},"loc":{"start":{"line":8,"column":46},"end":{"line":10,"column":3}}},"1":{"name":"(anonymous_3)","decl":{"start":{"line":12,"column":2},"end":{"line":12,"column":7}},"loc":{"start":{"line":12,"column":48},"end":{"line":18,"column":3}}}},"branchMap":{"0":{"loc":{"start":{"line":14,"column":4},"end":{"line":16,"column":5}},"type":"if","locations":[{"start":{"line":14,"column":4},"end":{"line":16,"column":5}}]}},"s":{"0":0,"1":0,"2":0,"3":0,"4":0,"5":0,"6":0,"7":0,"8":0,"9":0,"10":0,"11":0,"12":0},"f":{"0":0,"1":0},"b":{"0":[0]}}
,"/Users/admin/rohits/jk_poc/jk_tech_backend/src/documents/documents.controller.ts": {"path":"/Users/admin/rohits/jk_poc/jk_tech_backend/src/documents/documents.controller.ts","statementMap":{"0":{"start":{"line":1,"column":0},"end":{"line":1,"column":null}},"1":{"start":{"line":17,"column":0},"end":{"line":17,"column":59}},"2":{"start":{"line":18,"column":0},"end":{"line":18,"column":106}},"3":{"start":{"line":20,"column":0},"end":{"line":20,"column":55}},"4":{"start":{"line":21,"column":0},"end":{"line":21,"column":61}},"5":{"start":{"line":22,"column":0},"end":{"line":22,"column":56}},"6":{"start":{"line":23,"column":0},"end":{"line":23,"column":59}},"7":{"start":{"line":24,"column":0},"end":{"line":24,"column":62}},"8":{"start":{"line":25,"column":0},"end":{"line":25,"column":62}},"9":{"start":{"line":26,"column":0},"end":{"line":26,"column":66}},"10":{"start":{"line":27,"column":0},"end":{"line":27,"column":64}},"11":{"start":{"line":28,"column":0},"end":{"line":28,"column":46}},"12":{"start":{"line":34,"column":7},"end":{"line":119,"column":null}},"13":{"start":{"line":35,"column":31},"end":{"line":35,"column":49}},"14":{"start":{"line":67,"column":4},"end":{"line":67,"column":78}},"15":{"start":{"line":74,"column":4},"end":{"line":74,"column":58}},"16":{"start":{"line":82,"column":4},"end":{"line":82,"column":55}},"17":{"start":{"line":90,"column":45},"end":{"line":90,"column":98}},"18":{"start":{"line":92,"column":4},"end":{"line":92,"column":44}},"19":{"start":{"line":93,"column":4},"end":{"line":93,"column":79}},"20":{"start":{"line":95,"column":4},"end":{"line":95,"column":49}},"21":{"start":{"line":106,"column":4},"end":{"line":106,"column":73}},"22":{"start":{"line":117,"column":4},"end":{"line":117,"column":54}},"23":{"start":{"line":34,"column":13},"end":{"line":34,"column":32}},"24":{"start":{"line":62,"column":8},"end":{"line":68,"column":null}},"25":{"start":{"line":73,"column":8},"end":{"line":75,"column":null}},"26":{"start":{"line":81,"column":8},"end":{"line":83,"column":null}},"27":{"start":{"line":89,"column":8},"end":{"line":96,"column":null}},"28":{"start":{"line":105,"column":8},"end":{"line":107,"column":null}},"29":{"start":{"line":116,"column":8},"end":{"line":118,"column":null}},"30":{"start":{"line":34,"column":13},"end":{"line":119,"column":null}}},"fnMap":{"0":{"name":"(anonymous_4)","decl":{"start":{"line":35,"column":2},"end":{"line":35,"column":31}},"loc":{"start":{"line":35,"column":65},"end":{"line":35,"column":69}}},"1":{"name":"(anonymous_5)","decl":{"start":{"line":62,"column":2},"end":{"line":62,"column":7}},"loc":{"start":{"line":65,"column":18},"end":{"line":68,"column":3}}},"2":{"name":"(anonymous_6)","decl":{"start":{"line":73,"column":2},"end":{"line":73,"column":7}},"loc":{"start":{"line":73,"column":66},"end":{"line":75,"column":3}}},"3":{"name":"(anonymous_7)","decl":{"start":{"line":81,"column":2},"end":{"line":81,"column":7}},"loc":{"start":{"line":81,"column":55},"end":{"line":83,"column":3}}},"4":{"name":"(anonymous_8)","decl":{"start":{"line":89,"column":2},"end":{"line":89,"column":7}},"loc":{"start":{"line":89,"column":78},"end":{"line":96,"column":3}}},"5":{"name":"(anonymous_9)","decl":{"start":{"line":105,"column":2},"end":{"line":105,"column":7}},"loc":{"start":{"line":105,"column":100},"end":{"line":107,"column":3}}},"6":{"name":"(anonymous_10)","decl":{"start":{"line":116,"column":2},"end":{"line":116,"column":7}},"loc":{"start":{"line":116,"column":54},"end":{"line":118,"column":3}}}},"branchMap":{},"s":{"0":1,"1":1,"2":1,"3":1,"4":1,"5":1,"6":1,"7":1,"8":1,"9":1,"10":1,"11":1,"12":1,"13":6,"14":1,"15":1,"16":1,"17":1,"18":1,"19":1,"20":1,"21":1,"22":1,"23":1,"24":1,"25":1,"26":1,"27":1,"28":1,"29":1,"30":1},"f":{"0":6,"1":1,"2":1,"3":1,"4":1,"5":1,"6":1},"b":{}}
,"/Users/admin/rohits/jk_poc/jk_tech_backend/src/documents/documents.module.ts": {"path":"/Users/admin/rohits/jk_poc/jk_tech_backend/src/documents/documents.module.ts","statementMap":{"0":{"start":{"line":1,"column":0},"end":{"line":1,"column":52}},"1":{"start":{"line":2,"column":0},"end":{"line":2,"column":56}},"2":{"start":{"line":3,"column":0},"end":{"line":3,"column":37}},"3":{"start":{"line":4,"column":0},"end":{"line":4,"column":31}},"4":{"start":{"line":5,"column":0},"end":{"line":5,"column":36}},"5":{"start":{"line":6,"column":0},"end":{"line":6,"column":61}},"6":{"start":{"line":7,"column":0},"end":{"line":7,"column":55}},"7":{"start":{"line":8,"column":0},"end":{"line":8,"column":55}},"8":{"start":{"line":9,"column":0},"end":{"line":9,"column":64}},"9":{"start":{"line":33,"column":7},"end":{"line":33,"column":null}},"10":{"start":{"line":33,"column":13},"end":{"line":33,"column":28}},"11":{"start":{"line":33,"column":13},"end":{"line":33,"column":null}},"12":{"start":{"line":14,"column":21},"end":{"line":14,"column":36}},"13":{"start":{"line":19,"column":31},"end":{"line":19,"column":39}},"14":{"start":{"line":20,"column":22},"end":{"line":20,"column":48}},"15":{"start":{"line":21,"column":10},"end":{"line":21,"column":44}}},"fnMap":{"0":{"name":"(anonymous_1)","decl":{"start":{"line":14,"column":15},"end":{"line":14,"column":18}},"loc":{"start":{"line":14,"column":21},"end":{"line":14,"column":36}}},"1":{"name":"(anonymous_2)","decl":{"start":{"line":18,"column":18},"end":{"line":18,"column":19}},"loc":{"start":{"line":18,"column":36},"end":{"line":22,"column":9}}}},"branchMap":{},"s":{"0":0,"1":0,"2":0,"3":0,"4":0,"5":0,"6":0,"7":0,"8":0,"9":0,"10":0,"11":0,"12":0,"13":0,"14":0,"15":0},"f":{"0":0,"1":0},"b":{}}
,"/Users/admin/rohits/jk_poc/jk_tech_backend/src/documents/documents.service.ts": {"path":"/Users/admin/rohits/jk_poc/jk_tech_backend/src/documents/documents.service.ts","statementMap":{"0":{"start":{"line":1,"column":0},"end":{"line":1,"column":124}},"1":{"start":{"line":2,"column":0},"end":{"line":2,"column":57}},"2":{"start":{"line":6,"column":0},"end":{"line":6,"column":25}},"3":{"start":{"line":7,"column":0},"end":{"line":7,"column":29}},"4":{"start":{"line":8,"column":0},"end":{"line":8,"column":62}},"5":{"start":{"line":9,"column":0},"end":{"line":9,"column":64}},"6":{"start":{"line":12,"column":7},"end":{"line":216,"column":null}},"7":{"start":{"line":14,"column":12},"end":{"line":14,"column":20}},"8":{"start":{"line":15,"column":12},"end":{"line":15,"column":30}},"9":{"start":{"line":19,"column":4},"end":{"line":19,"column":45}},"10":{"start":{"line":23,"column":4},"end":{"line":25,"column":5}},"11":{"start":{"line":24,"column":6},"end":{"line":24,"column":56}},"12":{"start":{"line":27,"column":21},"end":{"line":48,"column":6}},"13":{"start":{"line":51,"column":4},"end":{"line":59,"column":5}},"14":{"start":{"line":52,"column":6},"end":{"line":55,"column":7}},"15":{"start":{"line":53,"column":8},"end":{"line":53,"column":83}},"16":{"start":{"line":54,"column":8},"end":{"line":54,"column":81}},"17":{"start":{"line":57,"column":6},"end":{"line":57,"column":97}},"18":{"start":{"line":61,"column":4},"end":{"line":61,"column":20}},"19":{"start":{"line":65,"column":37},"end":{"line":65,"column":42}},"20":{"start":{"line":66,"column":17},"end":{"line":66,"column":35}},"21":{"start":{"line":69,"column":24},"end":{"line":71,"column":28}},"22":{"start":{"line":73,"column":31},"end":{"line":90,"column":6}},"23":{"start":{"line":92,"column":4},"end":{"line":100,"column":6}},"24":{"start":{"line":104,"column":21},"end":{"line":118,"column":6}},"25":{"start":{"line":120,"column":4},"end":{"line":122,"column":5}},"26":{"start":{"line":121,"column":6},"end":{"line":121,"column":56}},"27":{"start":{"line":125,"column":4},"end":{"line":127,"column":5}},"28":{"start":{"line":126,"column":6},"end":{"line":126,"column":52}},"29":{"start":{"line":129,"column":4},"end":{"line":129,"column":20}},"30":{"start":{"line":133,"column":21},"end":{"line":133,"column":49}},"31":{"start":{"line":135,"column":21},"end":{"line":135,"column":52}},"32":{"start":{"line":136,"column":4},"end":{"line":138,"column":5}},"33":{"start":{"line":137,"column":6},"end":{"line":137,"column":60}},"34":{"start":{"line":140,"column":4},"end":{"line":144,"column":6}},"35":{"start":{"line":148,"column":21},"end":{"line":148,"column":49}},"36":{"start":{"line":150,"column":28},"end":{"line":162,"column":6}},"37":{"start":{"line":164,"column":4},"end":{"line":164,"column":27}},"38":{"start":{"line":168,"column":21},"end":{"line":168,"column":49}},"39":{"start":{"line":175,"column":4},"end":{"line":181,"column":7}},"40":{"start":{"line":183,"column":4},"end":{"line":183,"column":56}},"41":{"start":{"line":188,"column":4},"end":{"line":194,"column":7}},"42":{"start":{"line":199,"column":4},"end":{"line":214,"column":7}},"43":{"start":{"line":12,"column":13},"end":{"line":12,"column":29}},"44":{"start":{"line":12,"column":13},"end":{"line":216,"column":null}}},"fnMap":{"0":{"name":"(anonymous_2)","decl":{"start":{"line":13,"column":2},"end":{"line":13,"column":null}},"loc":{"start":{"line":15,"column":46},"end":{"line":16,"column":6}}},"1":{"name":"(anonymous_3)","decl":{"start":{"line":18,"column":2},"end":{"line":18,"column":21}},"loc":{"start":{"line":18,"column":43},"end":{"line":20,"column":3}}},"2":{"name":"(anonymous_4)","decl":{"start":{"line":22,"column":2},"end":{"line":22,"column":7}},"loc":{"start":{"line":22,"column":94},"end":{"line":62,"column":3}}},"3":{"name":"(anonymous_5)","decl":{"start":{"line":64,"column":2},"end":{"line":64,"column":7}},"loc":{"start":{"line":64,"column":52},"end":{"line":101,"column":3}}},"4":{"name":"(anonymous_6)","decl":{"start":{"line":103,"column":2},"end":{"line":103,"column":7}},"loc":{"start":{"line":103,"column":37},"end":{"line":130,"column":3}}},"5":{"name":"(anonymous_7)","decl":{"start":{"line":132,"column":2},"end":{"line":132,"column":7}},"loc":{"start":{"line":132,"column":41},"end":{"line":145,"column":3}}},"6":{"name":"(anonymous_8)","decl":{"start":{"line":147,"column":2},"end":{"line":147,"column":7}},"loc":{"start":{"line":147,"column":74},"end":{"line":165,"column":3}}},"7":{"name":"(anonymous_9)","decl":{"start":{"line":167,"column":2},"end":{"line":167,"column":7}},"loc":{"start":{"line":167,"column":36},"end":{"line":184,"column":3}}},"8":{"name":"(anonymous_10)","decl":{"start":{"line":187,"column":2},"end":{"line":187,"column":7}},"loc":{"start":{"line":187,"column":63},"end":{"line":195,"column":3}}},"9":{"name":"(anonymous_11)","decl":{"start":{"line":198,"column":2},"end":{"line":198,"column":7}},"loc":{"start":{"line":198,"column":44},"end":{"line":215,"column":3}}}},"branchMap":{"0":{"loc":{"start":{"line":23,"column":4},"end":{"line":25,"column":5}},"type":"if","locations":[{"start":{"line":23,"column":4},"end":{"line":25,"column":5}}]},"1":{"loc":{"start":{"line":34,"column":15},"end":{"line":34,"column":59}},"type":"binary-expr","locations":[{"start":{"line":34,"column":15},"end":{"line":34,"column":38}},{"start":{"line":34,"column":42},"end":{"line":34,"column":59}}]},"2":{"loc":{"start":{"line":52,"column":6},"end":{"line":55,"column":7}},"type":"if","locations":[{"start":{"line":52,"column":6},"end":{"line":55,"column":7}}]},"3":{"loc":{"start":{"line":65,"column":12},"end":{"line":65,"column":20}},"type":"default-arg","locations":[{"start":{"line":65,"column":19},"end":{"line":65,"column":20}}]},"4":{"loc":{"start":{"line":65,"column":22},"end":{"line":65,"column":32}},"type":"default-arg","locations":[{"start":{"line":65,"column":30},"end":{"line":65,"column":32}}]},"5":{"loc":{"start":{"line":69,"column":24},"end":{"line":71,"column":28}},"type":"cond-expr","locations":[{"start":{"line":70,"column":8},"end":{"line":70,"column":49}},{"start":{"line":71,"column":8},"end":{"line":71,"column":28}}]},"6":{"loc":{"start":{"line":120,"column":4},"end":{"line":122,"column":5}},"type":"if","locations":[{"start":{"line":120,"column":4},"end":{"line":122,"column":5}}]},"7":{"loc":{"start":{"line":125,"column":4},"end":{"line":127,"column":5}},"type":"if","locations":[{"start":{"line":125,"column":4},"end":{"line":127,"column":5}}]},"8":{"loc":{"start":{"line":125,"column":8},"end":{"line":125,"column":72}},"type":"binary-expr","locations":[{"start":{"line":125,"column":8},"end":{"line":125,"column":37}},{"start":{"line":125,"column":41},"end":{"line":125,"column":72}}]},"9":{"loc":{"start":{"line":136,"column":4},"end":{"line":138,"column":5}},"type":"if","locations":[{"start":{"line":136,"column":4},"end":{"line":138,"column":5}}]}},"s":{"0":4,"1":4,"2":4,"3":4,"4":4,"5":4,"6":4,"7":7,"8":7,"9":0,"10":2,"11":1,"12":1,"13":1,"14":1,"15":1,"16":1,"17":0,"18":1,"19":0,"20":0,"21":0,"22":0,"23":0,"24":5,"25":5,"26":1,"27":4,"28":1,"29":3,"30":0,"31":0,"32":0,"33":0,"34":0,"35":0,"36":0,"37":0,"38":1,"39":1,"40":1,"41":0,"42":0,"43":4,"44":4},"f":{"0":7,"1":0,"2":2,"3":0,"4":5,"5":0,"6":0,"7":1,"8":0,"9":0},"b":{"0":[1],"1":[1,0],"2":[1],"3":[0],"4":[0],"5":[0,0],"6":[1],"7":[1],"8":[4,2],"9":[0]}}
,"/Users/admin/rohits/jk_poc/jk_tech_backend/src/documents/dto/create-document.dto.ts": {"path":"/Users/admin/rohits/jk_poc/jk_tech_backend/src/documents/dto/create-document.dto.ts","statementMap":{"0":{"start":{"line":1,"column":0},"end":{"line":1,"column":54}},"1":{"start":{"line":2,"column":0},"end":{"line":2,"column":55}},"2":{"start":{"line":4,"column":0},"end":{"line":4,"column":13}},"3":{"start":{"line":8,"column":2},"end":{"line":8,"column":null}},"4":{"start":{"line":13,"column":2},"end":{"line":13,"column":null}}},"fnMap":{},"branchMap":{},"s":{"0":1,"1":1,"2":1,"3":1,"4":1},"f":{},"b":{}}
,"/Users/admin/rohits/jk_poc/jk_tech_backend/src/documents/dto/document-response.dto.ts": {"path":"/Users/admin/rohits/jk_poc/jk_tech_backend/src/documents/dto/document-response.dto.ts","statementMap":{"0":{"start":{"line":1,"column":0},"end":{"line":1,"column":46}},"1":{"start":{"line":3,"column":0},"end":{"line":3,"column":13}},"2":{"start":{"line":5,"column":2},"end":{"line":5,"column":null}},"3":{"start":{"line":8,"column":2},"end":{"line":8,"column":null}},"4":{"start":{"line":11,"column":2},"end":{"line":11,"column":null}},"5":{"start":{"line":14,"column":2},"end":{"line":14,"column":null}},"6":{"start":{"line":17,"column":2},"end":{"line":17,"column":null}},"7":{"start":{"line":20,"column":2},"end":{"line":20,"column":null}},"8":{"start":{"line":23,"column":2},"end":{"line":23,"column":null}},"9":{"start":{"line":26,"column":2},"end":{"line":26,"column":null}},"10":{"start":{"line":29,"column":2},"end":{"line":29,"column":null}},"11":{"start":{"line":38,"column":2},"end":{"line":42,"column":null}}},"fnMap":{},"branchMap":{},"s":{"0":1,"1":1,"2":1,"3":1,"4":1,"5":1,"6":1,"7":1,"8":1,"9":1,"10":1,"11":1},"f":{},"b":{}}
,"/Users/admin/rohits/jk_poc/jk_tech_backend/src/documents/dto/pagination-query.dto.ts": {"path":"/Users/admin/rohits/jk_poc/jk_tech_backend/src/documents/dto/pagination-query.dto.ts","statementMap":{"0":{"start":{"line":1,"column":0},"end":{"line":1,"column":54}},"1":{"start":{"line":2,"column":0},"end":{"line":2,"column":41}},"2":{"start":{"line":3,"column":0},"end":{"line":3,"column":62}},"3":{"start":{"line":11,"column":2},"end":{"line":11,"column":20}},"4":{"start":{"line":18,"column":2},"end":{"line":18,"column":22}},"5":{"start":{"line":5,"column":0},"end":{"line":5,"column":13}},"6":{"start":{"line":11,"column":2},"end":{"line":11,"column":null}},"7":{"start":{"line":8,"column":14},"end":{"line":8,"column":20}},"8":{"start":{"line":18,"column":2},"end":{"line":18,"column":null}},"9":{"start":{"line":15,"column":14},"end":{"line":15,"column":20}}},"fnMap":{"0":{"name":"(anonymous_2)","decl":{"start":{"line":5,"column":0},"end":{"line":5,"column":13}},"loc":{"start":{"line":5,"column":0},"end":{"line":19,"column":1}}},"1":{"name":"(anonymous_3)","decl":{"start":{"line":8,"column":8},"end":{"line":8,"column":11}},"loc":{"start":{"line":8,"column":14},"end":{"line":8,"column":20}}},"2":{"name":"(anonymous_4)","decl":{"start":{"line":15,"column":8},"end":{"line":15,"column":11}},"loc":{"start":{"line":15,"column":14},"end":{"line":15,"column":20}}}},"branchMap":{},"s":{"0":1,"1":1,"2":1,"3":0,"4":0,"5":1,"6":1,"7":0,"8":1,"9":0},"f":{"0":0,"1":0,"2":0},"b":{}}
,"/Users/admin/rohits/jk_poc/jk_tech_backend/src/documents/dto/update-document.dto.ts": {"path":"/Users/admin/rohits/jk_poc/jk_tech_backend/src/documents/dto/update-document.dto.ts","statementMap":{"0":{"start":{"line":1,"column":0},"end":{"line":1,"column":54}},"1":{"start":{"line":2,"column":0},"end":{"line":2,"column":55}},"2":{"start":{"line":4,"column":0},"end":{"line":4,"column":13}},"3":{"start":{"line":8,"column":2},"end":{"line":8,"column":null}},"4":{"start":{"line":13,"column":2},"end":{"line":13,"column":null}}},"fnMap":{},"branchMap":{},"s":{"0":1,"1":1,"2":1,"3":1,"4":1},"f":{},"b":{}}
,"/Users/admin/rohits/jk_poc/jk_tech_backend/src/ingestion/ingestion.controller.ts": {"path":"/Users/admin/rohits/jk_poc/jk_tech_backend/src/ingestion/ingestion.controller.ts","statementMap":{"0":{"start":{"line":1,"column":0},"end":{"line":1,"column":95}},"1":{"start":{"line":2,"column":0},"end":{"line":2,"column":84}},"2":{"start":{"line":3,"column":0},"end":{"line":3,"column":55}},"3":{"start":{"line":4,"column":0},"end":{"line":4,"column":61}},"4":{"start":{"line":5,"column":0},"end":{"line":5,"column":56}},"5":{"start":{"line":6,"column":0},"end":{"line":6,"column":59}},"6":{"start":{"line":7,"column":0},"end":{"line":7,"column":66}},"7":{"start":{"line":8,"column":0},"end":{"line":8,"column":75}},"8":{"start":{"line":9,"column":0},"end":{"line":9,"column":71}},"9":{"start":{"line":10,"column":0},"end":{"line":10,"column":46}},"10":{"start":{"line":16,"column":7},"end":{"line":44,"column":null}},"11":{"start":{"line":17,"column":31},"end":{"line":17,"column":49}},"12":{"start":{"line":27,"column":4},"end":{"line":27,"column":95}},"13":{"start":{"line":35,"column":4},"end":{"line":35,"column":66}},"14":{"start":{"line":42,"column":4},"end":{"line":42,"column":67}},"15":{"start":{"line":16,"column":13},"end":{"line":16,"column":32}},"16":{"start":{"line":26,"column":8},"end":{"line":28,"column":null}},"17":{"start":{"line":34,"column":8},"end":{"line":36,"column":null}},"18":{"start":{"line":41,"column":8},"end":{"line":43,"column":null}},"19":{"start":{"line":16,"column":13},"end":{"line":44,"column":null}}},"fnMap":{"0":{"name":"(anonymous_4)","decl":{"start":{"line":17,"column":2},"end":{"line":17,"column":31}},"loc":{"start":{"line":17,"column":65},"end":{"line":17,"column":69}}},"1":{"name":"(anonymous_5)","decl":{"start":{"line":26,"column":2},"end":{"line":26,"column":7}},"loc":{"start":{"line":26,"column":89},"end":{"line":28,"column":3}}},"2":{"name":"(anonymous_6)","decl":{"start":{"line":34,"column":2},"end":{"line":34,"column":7}},"loc":{"start":{"line":34,"column":69},"end":{"line":36,"column":3}}},"3":{"name":"(anonymous_7)","decl":{"start":{"line":41,"column":2},"end":{"line":41,"column":7}},"loc":{"start":{"line":41,"column":78},"end":{"line":43,"column":3}}}},"branchMap":{},"s":{"0":1,"1":1,"2":1,"3":1,"4":1,"5":1,"6":1,"7":1,"8":1,"9":1,"10":1,"11":3,"12":1,"13":1,"14":1,"15":1,"16":1,"17":1,"18":1,"19":1},"f":{"0":3,"1":1,"2":1,"3":1},"b":{}}
,"/Users/admin/rohits/jk_poc/jk_tech_backend/src/ingestion/ingestion.module.ts": {"path":"/Users/admin/rohits/jk_poc/jk_tech_backend/src/ingestion/ingestion.module.ts","statementMap":{"0":{"start":{"line":1,"column":0},"end":{"line":1,"column":52}},"1":{"start":{"line":2,"column":0},"end":{"line":2,"column":61}},"2":{"start":{"line":3,"column":0},"end":{"line":3,"column":55}},"3":{"start":{"line":4,"column":0},"end":{"line":4,"column":64}},"4":{"start":{"line":5,"column":0},"end":{"line":5,"column":55}},"5":{"start":{"line":6,"column":0},"end":{"line":6,"column":64}},"6":{"start":{"line":14,"column":7},"end":{"line":14,"column":null}},"7":{"start":{"line":14,"column":13},"end":{"line":14,"column":28}},"8":{"start":{"line":14,"column":13},"end":{"line":14,"column":null}},"9":{"start":{"line":9,"column":43},"end":{"line":9,"column":58}}},"fnMap":{"0":{"name":"(anonymous_1)","decl":{"start":{"line":9,"column":37},"end":{"line":9,"column":40}},"loc":{"start":{"line":9,"column":43},"end":{"line":9,"column":58}}}},"branchMap":{},"s":{"0":0,"1":0,"2":0,"3":0,"4":0,"5":0,"6":0,"7":0,"8":0,"9":0},"f":{"0":0},"b":{}}
,"/Users/admin/rohits/jk_poc/jk_tech_backend/src/ingestion/ingestion.service.ts": {"path":"/Users/admin/rohits/jk_poc/jk_tech_backend/src/ingestion/ingestion.service.ts","statementMap":{"0":{"start":{"line":1,"column":0},"end":{"line":1,"column":117}},"1":{"start":{"line":2,"column":0},"end":{"line":2,"column":47}},"2":{"start":{"line":3,"column":0},"end":{"line":3,"column":57}},"3":{"start":{"line":4,"column":0},"end":{"line":4,"column":66}},"4":{"start":{"line":5,"column":0},"end":{"line":5,"column":64}},"5":{"start":{"line":7,"column":0},"end":{"line":7,"column":79}},"6":{"start":{"line":10,"column":7},"end":{"line":377,"column":null}},"7":{"start":{"line":12,"column":12},"end":{"line":12,"column":20}},"8":{"start":{"line":14,"column":12},"end":{"line":14,"column":30}},"9":{"start":{"line":15,"column":12},"end":{"line":15,"column":34}},"10":{"start":{"line":16,"column":12},"end":{"line":16,"column":27}},"11":{"start":{"line":21,"column":4},"end":{"line":21,"column":52}},"12":{"start":{"line":26,"column":4},"end":{"line":26,"column":75}},"13":{"start":{"line":29,"column":4},"end":{"line":29,"column":92}},"14":{"start":{"line":32,"column":25},"end":{"line":39,"column":6}},"15":{"start":{"line":42,"column":31},"end":{"line":42,"column":94}},"16":{"start":{"line":45,"column":29},"end":{"line":45,"column":90}},"17":{"start":{"line":47,"column":4},"end":{"line":60,"column":5}},"18":{"start":{"line":49,"column":6},"end":{"line":56,"column":8}},"19":{"start":{"line":54,"column":10},"end":{"line":54,"column":96}},"20":{"start":{"line":59,"column":6},"end":{"line":59,"column":95}},"21":{"start":{"line":62,"column":4},"end":{"line":62,"column":24}},"22":{"start":{"line":67,"column":21},"end":{"line":70,"column":6}},"23":{"start":{"line":73,"column":25},"end":{"line":97,"column":6}},"24":{"start":{"line":100,"column":29},"end":{"line":100,"column":89}},"25":{"start":{"line":102,"column":4},"end":{"line":109,"column":5}},"26":{"start":{"line":104,"column":6},"end":{"line":104,"column":83}},"27":{"start":{"line":107,"column":31},"end":{"line":107,"column":94}},"28":{"start":{"line":108,"column":6},"end":{"line":108,"column":93}},"29":{"start":{"line":112,"column":4},"end":{"line":115,"column":7}},"30":{"start":{"line":117,"column":4},"end":{"line":117,"column":24}},"31":{"start":{"line":121,"column":16},"end":{"line":143,"column":6}},"32":{"start":{"line":145,"column":4},"end":{"line":147,"column":5}},"33":{"start":{"line":146,"column":6},"end":{"line":146,"column":61}},"34":{"start":{"line":150,"column":4},"end":{"line":152,"column":5}},"35":{"start":{"line":151,"column":6},"end":{"line":151,"column":52}},"36":{"start":{"line":154,"column":4},"end":{"line":154,"column":15}},"37":{"start":{"line":158,"column":45},"end":{"line":158,"column":50}},"38":{"start":{"line":159,"column":17},"end":{"line":159,"column":35}},"39":{"start":{"line":162,"column":29},"end":{"line":164,"column":28}},"40":{"start":{"line":166,"column":4},"end":{"line":168,"column":5}},"41":{"start":{"line":167,"column":6},"end":{"line":167,"column":34}},"42":{"start":{"line":170,"column":26},"end":{"line":195,"column":6}},"43":{"start":{"line":197,"column":4},"end":{"line":205,"column":6}},"44":{"start":{"line":209,"column":28},"end":{"line":212,"column":6}},"45":{"start":{"line":214,"column":4},"end":{"line":216,"column":5}},"46":{"start":{"line":215,"column":6},"end":{"line":215,"column":42}},"47":{"start":{"line":218,"column":4},"end":{"line":220,"column":5}},"48":{"start":{"line":219,"column":6},"end":{"line":219,"column":45}},"49":{"start":{"line":222,"column":4},"end":{"line":225,"column":7}},"50":{"start":{"line":231,"column":4},"end":{"line":251,"column":5}},"51":{"start":{"line":233,"column":6},"end":{"line":233,"column":62}},"52":{"start":{"line":236,"column":6},"end":{"line":246,"column":7}},"53":{"start":{"line":237,"column":8},"end":{"line":237,"column":95}},"54":{"start":{"line":240,"column":8},"end":{"line":240,"column":52}},"55":{"start":{"line":242,"column":8},"end":{"line":242,"column":69}},"56":{"start":{"line":243,"column":13},"end":{"line":246,"column":7}},"57":{"start":{"line":244,"column":8},"end":{"line":244,"column":92}},"58":{"start":{"line":245,"column":8},"end":{"line":245,"column":81}},"59":{"start":{"line":248,"column":6},"end":{"line":248,"column":94}},"60":{"start":{"line":250,"column":6},"end":{"line":250,"column":90}},"61":{"start":{"line":257,"column":4},"end":{"line":257,"column":126}},"62":{"start":{"line":268,"column":4},"end":{"line":275,"column":6}},"63":{"start":{"line":273,"column":8},"end":{"line":273,"column":84}},"64":{"start":{"line":280,"column":4},"end":{"line":326,"column":5}},"65":{"start":{"line":281,"column":6},"end":{"line":281,"column":73}},"66":{"start":{"line":284,"column":23},"end":{"line":286,"column":8}},"67":{"start":{"line":288,"column":6},"end":{"line":291,"column":7}},"68":{"start":{"line":289,"column":8},"end":{"line":289,"column":71}},"69":{"start":{"line":290,"column":8},"end":{"line":290,"column":15}},"70":{"start":{"line":300,"column":26},"end":{"line":300,"column":68}},"71":{"start":{"line":301,"column":21},"end":{"line":301,"column":63}},"72":{"start":{"line":304,"column":28},"end":{"line":318,"column":null}},"73":{"start":{"line":305,"column":8},"end":{"line":318,"column":10}},"74":{"start":{"line":321,"column":6},"end":{"line":321,"column":39}},"75":{"start":{"line":322,"column":6},"end":{"line":322,"column":93}},"76":{"start":{"line":325,"column":6},"end":{"line":325,"column":80}},"77":{"start":{"line":331,"column":22},"end":{"line":343,"column":6}},"78":{"start":{"line":345,"column":4},"end":{"line":345,"column":34}},"79":{"start":{"line":350,"column":29},"end":{"line":350,"column":31}},"80":{"start":{"line":351,"column":22},"end":{"line":351,"column":38}},"81":{"start":{"line":352,"column":23},"end":{"line":352,"column":25}},"82":{"start":{"line":354,"column":4},"end":{"line":369,"column":5}},"83":{"start":{"line":355,"column":29},"end":{"line":355,"column":85}},"84":{"start":{"line":357,"column":6},"end":{"line":368,"column":7}},"85":{"start":{"line":358,"column":8},"end":{"line":358,"column":38}},"86":{"start":{"line":360,"column":8},"end":{"line":367,"column":9}},"87":{"start":{"line":361,"column":10},"end":{"line":361,"column":36}},"88":{"start":{"line":362,"column":10},"end":{"line":362,"column":34}},"89":{"start":{"line":365,"column":10},"end":{"line":365,"column":59}},"90":{"start":{"line":366,"column":10},"end":{"line":366,"column":58}},"91":{"start":{"line":371,"column":4},"end":{"line":373,"column":5}},"92":{"start":{"line":372,"column":6},"end":{"line":372,"column":32}},"93":{"start":{"line":375,"column":4},"end":{"line":375,"column":59}},"94":{"start":{"line":375,"column":34},"end":{"line":375,"column":57}},"95":{"start":{"line":10,"column":13},"end":{"line":10,"column":29}},"96":{"start":{"line":10,"column":13},"end":{"line":377,"column":null}},"97":{"start":{"line":13,"column":29},"end":{"line":13,"column":45}}},"fnMap":{"0":{"name":"(anonymous_4)","decl":{"start":{"line":11,"column":2},"end":{"line":11,"column":null}},"loc":{"start":{"line":16,"column":40},"end":{"line":17,"column":6}}},"1":{"name":"(anonymous_5)","decl":{"start":{"line":19,"column":2},"end":{"line":19,"column":14}},"loc":{"start":{"line":19,"column":14},"end":{"line":22,"column":3}}},"2":{"name":"(anonymous_6)","decl":{"start":{"line":25,"column":2},"end":{"line":25,"column":7}},"loc":{"start":{"line":25,"column":68},"end":{"line":63,"column":3}}},"3":{"name":"(anonymous_7)","decl":{"start":{"line":53,"column":8},"end":{"line":53,"column":13}},"loc":{"start":{"line":53,"column":56},"end":{"line":55,"column":9}}},"4":{"name":"(anonymous_8)","decl":{"start":{"line":65,"column":2},"end":{"line":65,"column":7}},"loc":{"start":{"line":65,"column":59},"end":{"line":118,"column":3}}},"5":{"name":"(anonymous_9)","decl":{"start":{"line":120,"column":2},"end":{"line":120,"column":7}},"loc":{"start":{"line":120,"column":48},"end":{"line":155,"column":3}}},"6":{"name":"(anonymous_10)","decl":{"start":{"line":157,"column":2},"end":{"line":157,"column":7}},"loc":{"start":{"line":157,"column":64},"end":{"line":206,"column":3}}},"7":{"name":"(anonymous_11)","decl":{"start":{"line":208,"column":2},"end":{"line":208,"column":7}},"loc":{"start":{"line":208,"column":76},"end":{"line":226,"column":3}}},"8":{"name":"(anonymous_12)","decl":{"start":{"line":230,"column":10},"end":{"line":230,"column":15}},"loc":{"start":{"line":230,"column":112},"end":{"line":252,"column":3}}},"9":{"name":"(anonymous_13)","decl":{"start":{"line":255,"column":10},"end":{"line":255,"column":15}},"loc":{"start":{"line":255,"column":97},"end":{"line":276,"column":3}}},"10":{"name":"(anonymous_14)","decl":{"start":{"line":272,"column":6},"end":{"line":272,"column":11}},"loc":{"start":{"line":272,"column":54},"end":{"line":274,"column":7}}},"11":{"name":"(anonymous_15)","decl":{"start":{"line":279,"column":10},"end":{"line":279,"column":15}},"loc":{"start":{"line":279,"column":55},"end":{"line":327,"column":3}}},"12":{"name":"(anonymous_16)","decl":{"start":{"line":304,"column":39},"end":{"line":304,"column":40}},"loc":{"start":{"line":305,"column":8},"end":{"line":318,"column":10}}},"13":{"name":"(anonymous_17)","decl":{"start":{"line":330,"column":10},"end":{"line":330,"column":37}},"loc":{"start":{"line":330,"column":51},"end":{"line":346,"column":3}}},"14":{"name":"(anonymous_18)","decl":{"start":{"line":349,"column":10},"end":{"line":349,"column":29}},"loc":{"start":{"line":349,"column":64},"end":{"line":376,"column":3}}},"15":{"name":"(anonymous_19)","decl":{"start":{"line":375,"column":25},"end":{"line":375,"column":30}},"loc":{"start":{"line":375,"column":34},"end":{"line":375,"column":57}}},"16":{"name":"(anonymous_20)","decl":{"start":{"line":13,"column":23},"end":{"line":13,"column":26}},"loc":{"start":{"line":13,"column":29},"end":{"line":13,"column":45}}}},"branchMap":{"0":{"loc":{"start":{"line":42,"column":31},"end":{"line":42,"column":94}},"type":"binary-expr","locations":[{"start":{"line":42,"column":31},"end":{"line":42,"column":85}},{"start":{"line":42,"column":89},"end":{"line":42,"column":94}}]},"1":{"loc":{"start":{"line":47,"column":4},"end":{"line":60,"column":5}},"type":"if","locations":[{"start":{"line":47,"column":4},"end":{"line":60,"column":5}},{"start":{"line":57,"column":11},"end":{"line":60,"column":5}}]},"2":{"loc":{"start":{"line":102,"column":4},"end":{"line":109,"column":5}},"type":"if","locations":[{"start":{"line":102,"column":4},"end":{"line":109,"column":5}},{"start":{"line":105,"column":11},"end":{"line":109,"column":5}}]},"3":{"loc":{"start":{"line":107,"column":31},"end":{"line":107,"column":94}},"type":"binary-expr","locations":[{"start":{"line":107,"column":31},"end":{"line":107,"column":85}},{"start":{"line":107,"column":89},"end":{"line":107,"column":94}}]},"4":{"loc":{"start":{"line":145,"column":4},"end":{"line":147,"column":5}},"type":"if","locations":[{"start":{"line":145,"column":4},"end":{"line":147,"column":5}}]},"5":{"loc":{"start":{"line":150,"column":4},"end":{"line":152,"column":5}},"type":"if","locations":[{"start":{"line":150,"column":4},"end":{"line":152,"column":5}}]},"6":{"loc":{"start":{"line":150,"column":8},"end":{"line":150,"column":63}},"type":"binary-expr","locations":[{"start":{"line":150,"column":8},"end":{"line":150,"column":37}},{"start":{"line":150,"column":41},"end":{"line":150,"column":63}}]},"7":{"loc":{"start":{"line":158,"column":12},"end":{"line":158,"column":20}},"type":"default-arg","locations":[{"start":{"line":158,"column":19},"end":{"line":158,"column":20}}]},"8":{"loc":{"start":{"line":158,"column":22},"end":{"line":158,"column":32}},"type":"default-arg","locations":[{"start":{"line":158,"column":30},"end":{"line":158,"column":32}}]},"9":{"loc":{"start":{"line":162,"column":29},"end":{"line":164,"column":28}},"type":"cond-expr","locations":[{"start":{"line":163,"column":8},"end":{"line":163,"column":45}},{"start":{"line":164,"column":8},"end":{"line":164,"column":28}}]},"10":{"loc":{"start":{"line":166,"column":4},"end":{"line":168,"column":5}},"type":"if","locations":[{"start":{"line":166,"column":4},"end":{"line":168,"column":5}}]},"11":{"loc":{"start":{"line":214,"column":4},"end":{"line":216,"column":5}},"type":"if","locations":[{"start":{"line":214,"column":4},"end":{"line":216,"column":5}}]},"12":{"loc":{"start":{"line":214,"column":8},"end":{"line":214,"column":81}},"type":"binary-expr","locations":[{"start":{"line":214,"column":8},"end":{"line":214,"column":44}},{"start":{"line":214,"column":48},"end":{"line":214,"column":81}}]},"13":{"loc":{"start":{"line":218,"column":4},"end":{"line":220,"column":5}},"type":"if","locations":[{"start":{"line":218,"column":4},"end":{"line":220,"column":5}}]},"14":{"loc":{"start":{"line":236,"column":6},"end":{"line":246,"column":7}},"type":"if","locations":[{"start":{"line":236,"column":6},"end":{"line":246,"column":7}},{"start":{"line":243,"column":13},"end":{"line":246,"column":7}}]},"15":{"loc":{"start":{"line":243,"column":13},"end":{"line":246,"column":7}},"type":"if","locations":[{"start":{"line":243,"column":13},"end":{"line":246,"column":7}}]},"16":{"loc":{"start":{"line":288,"column":6},"end":{"line":291,"column":7}},"type":"if","locations":[{"start":{"line":288,"column":6},"end":{"line":291,"column":7}}]},"17":{"loc":{"start":{"line":332,"column":31},"end":{"line":332,"column":70}},"type":"binary-expr","locations":[{"start":{"line":332,"column":31},"end":{"line":332,"column":45}},{"start":{"line":332,"column":49},"end":{"line":332,"column":70}}]},"18":{"loc":{"start":{"line":334,"column":28},"end":{"line":334,"column":82}},"type":"cond-expr","locations":[{"start":{"line":334,"column":64},"end":{"line":334,"column":69}},{"start":{"line":334,"column":72},"end":{"line":334,"column":82}}]},"19":{"loc":{"start":{"line":355,"column":29},"end":{"line":355,"column":85}},"type":"cond-expr","locations":[{"start":{"line":355,"column":44},"end":{"line":355,"column":74}},{"start":{"line":355,"column":77},"end":{"line":355,"column":85}}]},"20":{"loc":{"start":{"line":357,"column":6},"end":{"line":368,"column":7}},"type":"if","locations":[{"start":{"line":357,"column":6},"end":{"line":368,"column":7}},{"start":{"line":359,"column":13},"end":{"line":368,"column":7}}]},"21":{"loc":{"start":{"line":360,"column":8},"end":{"line":367,"column":9}},"type":"if","locations":[{"start":{"line":360,"column":8},"end":{"line":367,"column":9}},{"start":{"line":363,"column":15},"end":{"line":367,"column":9}}]},"22":{"loc":{"start":{"line":371,"column":4},"end":{"line":373,"column":5}},"type":"if","locations":[{"start":{"line":371,"column":4},"end":{"line":373,"column":5}}]}},"s":{"0":4,"1":4,"2":4,"3":4,"4":4,"5":4,"6":4,"7":27,"8":27,"9":27,"10":27,"11":1,"12":2,"13":2,"14":2,"15":2,"16":2,"17":2,"18":1,"19":0,"20":1,"21":2,"22":2,"23":2,"24":2,"25":2,"26":2,"27":0,"28":0,"29":2,"30":2,"31":4,"32":4,"33":1,"34":3,"35":1,"36":2,"37":3,"38":3,"39":3,"40":3,"41":2,"42":3,"43":3,"44":2,"45":2,"46":2,"47":2,"48":1,"49":2,"50":3,"51":3,"52":2,"53":1,"54":1,"55":1,"56":1,"57":1,"58":1,"59":1,"60":1,"61":1,"62":1,"63":0,"64":3,"65":3,"66":3,"67":2,"68":1,"69":1,"70":1,"71":1,"72":1,"73":2,"74":1,"75":1,"76":1,"77":2,"78":2,"79":4,"80":4,"81":4,"82":4,"83":10,"84":10,"85":6,"86":4,"87":3,"88":3,"89":1,"90":1,"91":4,"92":3,"93":4,"94":7,"95":4,"96":4,"97":27},"f":{"0":27,"1":1,"2":2,"3":0,"4":2,"5":4,"6":3,"7":2,"8":3,"9":1,"10":0,"11":3,"12":2,"13":2,"14":4,"15":7,"16":27},"b":{"0":[2,0],"1":[1,1],"2":[2,0],"3":[0,0],"4":[1],"5":[1],"6":[3,2],"7":[0],"8":[0],"9":[1,2],"10":[2],"11":[2],"12":[2,1],"13":[1],"14":[1,1],"15":[1],"16":[1],"17":[2,1],"18":[1,1],"19":[6,4],"20":[6,4],"21":[3,1],"22":[3]}}
,"/Users/admin/rohits/jk_poc/jk_tech_backend/src/ingestion/mock-ingestion.service.ts": {"path":"/Users/admin/rohits/jk_poc/jk_tech_backend/src/ingestion/mock-ingestion.service.ts","statementMap":{"0":{"start":{"line":1,"column":0},"end":{"line":1,"column":42}},"1":{"start":{"line":2,"column":0},"end":{"line":2,"column":55}},"2":{"start":{"line":3,"column":0},"end":{"line":3,"column":53}},"3":{"start":{"line":6,"column":7},"end":{"line":100,"column":null}},"4":{"start":{"line":7,"column":22},"end":{"line":7,"column":30}},"5":{"start":{"line":16,"column":4},"end":{"line":16,"column":111}},"6":{"start":{"line":19,"column":27},"end":{"line":19,"column":80}},"7":{"start":{"line":20,"column":22},"end":{"line":20,"column":42}},"8":{"start":{"line":21,"column":4},"end":{"line":38,"column":5}},"9":{"start":{"line":22,"column":6},"end":{"line":22,"column":73}},"10":{"start":{"line":23,"column":6},"end":{"line":30,"column":25}},"11":{"start":{"line":24,"column":8},"end":{"line":29,"column":9}},"12":{"start":{"line":25,"column":10},"end":{"line":25,"column":54}},"13":{"start":{"line":27,"column":10},"end":{"line":27,"column":76}},"14":{"start":{"line":28,"column":10},"end":{"line":28,"column":85}},"15":{"start":{"line":32,"column":6},"end":{"line":32,"column":69}},"16":{"start":{"line":34,"column":6},"end":{"line":37,"column":20}},"17":{"start":{"line":35,"column":8},"end":{"line":35,"column":86}},"18":{"start":{"line":36,"column":8},"end":{"line":36,"column":93}},"19":{"start":{"line":46,"column":4},"end":{"line":46,"column":83}},"20":{"start":{"line":49,"column":4},"end":{"line":85,"column":37}},"21":{"start":{"line":50,"column":6},"end":{"line":84,"column":7}},"22":{"start":{"line":52,"column":26},"end":{"line":52,"column":45}},"23":{"start":{"line":54,"column":8},"end":{"line":73,"column":9}},"24":{"start":{"line":55,"column":10},"end":{"line":61,"column":13}},"25":{"start":{"line":62,"column":10},"end":{"line":62,"column":80}},"26":{"start":{"line":64,"column":10},"end":{"line":71,"column":13}},"27":{"start":{"line":72,"column":10},"end":{"line":72,"column":64}},"28":{"start":{"line":75,"column":8},"end":{"line":75,"column":61}},"29":{"start":{"line":76,"column":8},"end":{"line":83,"column":32}},"30":{"start":{"line":89,"column":4},"end":{"line":98,"column":7}},"31":{"start":{"line":6,"column":13},"end":{"line":6,"column":33}},"32":{"start":{"line":6,"column":13},"end":{"line":100,"column":null}}},"fnMap":{"0":{"name":"(anonymous_2)","decl":{"start":{"line":7,"column":2},"end":{"line":7,"column":22}},"loc":{"start":{"line":7,"column":43},"end":{"line":7,"column":48}}},"1":{"name":"(anonymous_3)","decl":{"start":{"line":10,"column":2},"end":{"line":10,"column":7}},"loc":{"start":{"line":14,"column":72},"end":{"line":42,"column":3}}},"2":{"name":"(anonymous_4)","decl":{"start":{"line":23,"column":17},"end":{"line":23,"column":22}},"loc":{"start":{"line":23,"column":28},"end":{"line":30,"column":7}}},"3":{"name":"(anonymous_5)","decl":{"start":{"line":34,"column":17},"end":{"line":34,"column":22}},"loc":{"start":{"line":34,"column":28},"end":{"line":37,"column":7}}},"4":{"name":"(anonymous_6)","decl":{"start":{"line":45,"column":2},"end":{"line":45,"column":7}},"loc":{"start":{"line":45,"column":57},"end":{"line":86,"column":3}}},"5":{"name":"(anonymous_7)","decl":{"start":{"line":49,"column":15},"end":{"line":49,"column":20}},"loc":{"start":{"line":49,"column":26},"end":{"line":85,"column":5}}},"6":{"name":"(anonymous_8)","decl":{"start":{"line":88,"column":2},"end":{"line":88,"column":7}},"loc":{"start":{"line":88,"column":34},"end":{"line":99,"column":3}}}},"branchMap":{"0":{"loc":{"start":{"line":21,"column":4},"end":{"line":38,"column":5}},"type":"if","locations":[{"start":{"line":21,"column":4},"end":{"line":38,"column":5}},{"start":{"line":31,"column":11},"end":{"line":38,"column":5}}]},"1":{"loc":{"start":{"line":54,"column":8},"end":{"line":73,"column":9}},"type":"if","locations":[{"start":{"line":54,"column":8},"end":{"line":73,"column":9}},{"start":{"line":63,"column":15},"end":{"line":73,"column":9}}]}},"s":{"0":5,"1":5,"2":5,"3":5,"4":3,"5":1,"6":1,"7":1,"8":1,"9":1,"10":1,"11":0,"12":0,"13":0,"14":0,"15":0,"16":0,"17":0,"18":0,"19":1,"20":1,"21":0,"22":0,"23":0,"24":0,"25":0,"26":0,"27":0,"28":0,"29":0,"30":1,"31":5,"32":5},"f":{"0":3,"1":1,"2":0,"3":0,"4":1,"5":0,"6":1},"b":{"0":[1,0],"1":[0,0]}}
,"/Users/admin/rohits/jk_poc/jk_tech_backend/src/ingestion/dto/ingestion-job-response.dto.ts": {"path":"/Users/admin/rohits/jk_poc/jk_tech_backend/src/ingestion/dto/ingestion-job-response.dto.ts","statementMap":{"0":{"start":{"line":1,"column":0},"end":{"line":1,"column":46}},"1":{"start":{"line":2,"column":0},"end":{"line":2,"column":56}},"2":{"start":{"line":4,"column":0},"end":{"line":4,"column":13}},"3":{"start":{"line":6,"column":2},"end":{"line":6,"column":null}},"4":{"start":{"line":9,"column":2},"end":{"line":9,"column":null}},"5":{"start":{"line":12,"column":2},"end":{"line":12,"column":null}},"6":{"start":{"line":15,"column":2},"end":{"line":15,"column":null}},"7":{"start":{"line":18,"column":2},"end":{"line":18,"column":null}},"8":{"start":{"line":21,"column":2},"end":{"line":21,"column":null}},"9":{"start":{"line":24,"column":2},"end":{"line":24,"column":null}},"10":{"start":{"line":27,"column":2},"end":{"line":27,"column":null}},"11":{"start":{"line":30,"column":2},"end":{"line":30,"column":null}},"12":{"start":{"line":40,"column":2},"end":{"line":45,"column":null}},"13":{"start":{"line":54,"column":2},"end":{"line":58,"column":null}}},"fnMap":{},"branchMap":{},"s":{"0":1,"1":1,"2":1,"3":1,"4":1,"5":1,"6":1,"7":1,"8":1,"9":1,"10":1,"11":1,"12":1,"13":1},"f":{},"b":{}}
,"/Users/admin/rohits/jk_poc/jk_tech_backend/src/ingestion/dto/ingestion-jobs-query.dto.ts": {"path":"/Users/admin/rohits/jk_poc/jk_tech_backend/src/ingestion/dto/ingestion-jobs-query.dto.ts","statementMap":{"0":{"start":{"line":1,"column":0},"end":{"line":1,"column":54}},"1":{"start":{"line":2,"column":0},"end":{"line":2,"column":41}},"2":{"start":{"line":3,"column":0},"end":{"line":3,"column":70}},"3":{"start":{"line":4,"column":0},"end":{"line":4,"column":56}},"4":{"start":{"line":12,"column":2},"end":{"line":12,"column":20}},"5":{"start":{"line":19,"column":2},"end":{"line":19,"column":22}},"6":{"start":{"line":6,"column":0},"end":{"line":6,"column":13}},"7":{"start":{"line":12,"column":2},"end":{"line":12,"column":null}},"8":{"start":{"line":9,"column":14},"end":{"line":9,"column":20}},"9":{"start":{"line":19,"column":2},"end":{"line":19,"column":null}},"10":{"start":{"line":16,"column":14},"end":{"line":16,"column":20}},"11":{"start":{"line":23,"column":2},"end":{"line":23,"column":null}}},"fnMap":{"0":{"name":"(anonymous_2)","decl":{"start":{"line":6,"column":0},"end":{"line":6,"column":13}},"loc":{"start":{"line":6,"column":0},"end":{"line":24,"column":1}}},"1":{"name":"(anonymous_3)","decl":{"start":{"line":9,"column":8},"end":{"line":9,"column":11}},"loc":{"start":{"line":9,"column":14},"end":{"line":9,"column":20}}},"2":{"name":"(anonymous_4)","decl":{"start":{"line":16,"column":8},"end":{"line":16,"column":11}},"loc":{"start":{"line":16,"column":14},"end":{"line":16,"column":20}}}},"branchMap":{},"s":{"0":1,"1":1,"2":1,"3":1,"4":0,"5":0,"6":1,"7":1,"8":0,"9":1,"10":0,"11":1},"f":{"0":0,"1":0,"2":0},"b":{}}
,"/Users/admin/rohits/jk_poc/jk_tech_backend/src/ingestion/dto/trigger-ingestion.dto.ts": {"path":"/Users/admin/rohits/jk_poc/jk_tech_backend/src/ingestion/dto/trigger-ingestion.dto.ts","statementMap":{"0":{"start":{"line":1,"column":0},"end":{"line":1,"column":46}},"1":{"start":{"line":2,"column":0},"end":{"line":2,"column":55}},"2":{"start":{"line":4,"column":0},"end":{"line":4,"column":13}},"3":{"start":{"line":8,"column":2},"end":{"line":8,"column":null}}},"fnMap":{},"branchMap":{},"s":{"0":1,"1":1,"2":1,"3":1},"f":{},"b":{}}
,"/Users/admin/rohits/jk_poc/jk_tech_backend/src/prisma/prisma.module.ts": {"path":"/Users/admin/rohits/jk_poc/jk_tech_backend/src/prisma/prisma.module.ts","statementMap":{"0":{"start":{"line":1,"column":0},"end":{"line":1,"column":40}},"1":{"start":{"line":2,"column":0},"end":{"line":2,"column":49}},"2":{"start":{"line":8,"column":7},"end":{"line":8,"column":null}},"3":{"start":{"line":8,"column":13},"end":{"line":8,"column":25}},"4":{"start":{"line":8,"column":13},"end":{"line":8,"column":null}}},"fnMap":{},"branchMap":{},"s":{"0":0,"1":0,"2":0,"3":0,"4":0},"f":{},"b":{}}
,"/Users/admin/rohits/jk_poc/jk_tech_backend/src/prisma/prisma.service.ts": {"path":"/Users/admin/rohits/jk_poc/jk_tech_backend/src/prisma/prisma.service.ts","statementMap":{"0":{"start":{"line":1,"column":0},"end":{"line":1,"column":58}},"1":{"start":{"line":2,"column":0},"end":{"line":2,"column":46}},"2":{"start":{"line":5,"column":7},"end":{"line":9,"column":null}},"3":{"start":{"line":7,"column":4},"end":{"line":7,"column":26}},"4":{"start":{"line":5,"column":13},"end":{"line":5,"column":26}},"5":{"start":{"line":5,"column":13},"end":{"line":9,"column":null}}},"fnMap":{"0":{"name":"(anonymous_1)","decl":{"start":{"line":6,"column":2},"end":{"line":6,"column":7}},"loc":{"start":{"line":6,"column":20},"end":{"line":8,"column":3}}}},"branchMap":{},"s":{"0":12,"1":12,"2":12,"3":0,"4":12,"5":12},"f":{"0":0},"b":{}}
,"/Users/admin/rohits/jk_poc/jk_tech_backend/src/qna/qna.controller.ts": {"path":"/Users/admin/rohits/jk_poc/jk_tech_backend/src/qna/qna.controller.ts","statementMap":{"0":{"start":{"line":1,"column":0},"end":{"line":1,"column":null}},"1":{"start":{"line":14,"column":0},"end":{"line":14,"column":null}},"2":{"start":{"line":22,"column":0},"end":{"line":22,"column":61}},"3":{"start":{"line":23,"column":0},"end":{"line":23,"column":43}},"4":{"start":{"line":24,"column":0},"end":{"line":24,"column":70}},"5":{"start":{"line":25,"column":0},"end":{"line":25,"column":56}},"6":{"start":{"line":26,"column":0},"end":{"line":26,"column":70}},"7":{"start":{"line":27,"column":0},"end":{"line":27,"column":74}},"8":{"start":{"line":33,"column":7},"end":{"line":147,"column":null}},"9":{"start":{"line":34,"column":31},"end":{"line":34,"column":43}},"10":{"start":{"line":48,"column":19},"end":{"line":48,"column":30}},"11":{"start":{"line":49,"column":4},"end":{"line":49,"column":77}},"12":{"start":{"line":63,"column":19},"end":{"line":63,"column":30}},"13":{"start":{"line":64,"column":4},"end":{"line":64,"column":59}},"14":{"start":{"line":85,"column":19},"end":{"line":85,"column":30}},"15":{"start":{"line":86,"column":4},"end":{"line":86,"column":67}},"16":{"start":{"line":101,"column":19},"end":{"line":101,"column":30}},"17":{"start":{"line":102,"column":4},"end":{"line":102,"column":63}},"18":{"start":{"line":123,"column":19},"end":{"line":123,"column":30}},"19":{"start":{"line":124,"column":4},"end":{"line":124,"column":82}},"20":{"start":{"line":144,"column":19},"end":{"line":144,"column":30}},"21":{"start":{"line":145,"column":4},"end":{"line":145,"column":70}},"22":{"start":{"line":33,"column":13},"end":{"line":33,"column":26}},"23":{"start":{"line":44,"column":8},"end":{"line":50,"column":null}},"24":{"start":{"line":59,"column":8},"end":{"line":65,"column":null}},"25":{"start":{"line":81,"column":8},"end":{"line":87,"column":null}},"26":{"start":{"line":97,"column":8},"end":{"line":103,"column":null}},"27":{"start":{"line":118,"column":8},"end":{"line":125,"column":null}},"28":{"start":{"line":140,"column":8},"end":{"line":146,"column":null}},"29":{"start":{"line":33,"column":13},"end":{"line":147,"column":null}}},"fnMap":{"0":{"name":"(anonymous_4)","decl":{"start":{"line":34,"column":2},"end":{"line":34,"column":31}},"loc":{"start":{"line":34,"column":53},"end":{"line":34,"column":57}}},"1":{"name":"(anonymous_5)","decl":{"start":{"line":44,"column":2},"end":{"line":44,"column":7}},"loc":{"start":{"line":46,"column":70},"end":{"line":50,"column":3}}},"2":{"name":"(anonymous_6)","decl":{"start":{"line":59,"column":2},"end":{"line":59,"column":7}},"loc":{"start":{"line":61,"column":55},"end":{"line":65,"column":3}}},"3":{"name":"(anonymous_7)","decl":{"start":{"line":81,"column":2},"end":{"line":81,"column":7}},"loc":{"start":{"line":83,"column":39},"end":{"line":87,"column":3}}},"4":{"name":"(anonymous_8)","decl":{"start":{"line":97,"column":2},"end":{"line":97,"column":7}},"loc":{"start":{"line":99,"column":56},"end":{"line":103,"column":3}}},"5":{"name":"(anonymous_9)","decl":{"start":{"line":118,"column":2},"end":{"line":118,"column":7}},"loc":{"start":{"line":121,"column":32},"end":{"line":125,"column":3}}},"6":{"name":"(anonymous_10)","decl":{"start":{"line":140,"column":2},"end":{"line":140,"column":7}},"loc":{"start":{"line":142,"column":39},"end":{"line":146,"column":3}}}},"branchMap":{},"s":{"0":1,"1":1,"2":1,"3":1,"4":1,"5":1,"6":1,"7":1,"8":1,"9":6,"10":1,"11":1,"12":1,"13":1,"14":1,"15":1,"16":1,"17":1,"18":1,"19":1,"20":1,"21":1,"22":1,"23":1,"24":1,"25":1,"26":1,"27":1,"28":1,"29":1},"f":{"0":6,"1":1,"2":1,"3":1,"4":1,"5":1,"6":1},"b":{}}
,"/Users/admin/rohits/jk_poc/jk_tech_backend/src/qna/qna.module.ts": {"path":"/Users/admin/rohits/jk_poc/jk_tech_backend/src/qna/qna.module.ts","statementMap":{"0":{"start":{"line":1,"column":0},"end":{"line":1,"column":40}},"1":{"start":{"line":2,"column":0},"end":{"line":2,"column":49}},"2":{"start":{"line":3,"column":0},"end":{"line":3,"column":43}},"3":{"start":{"line":4,"column":0},"end":{"line":4,"column":55}},"4":{"start":{"line":12,"column":7},"end":{"line":12,"column":null}},"5":{"start":{"line":12,"column":13},"end":{"line":12,"column":22}},"6":{"start":{"line":12,"column":13},"end":{"line":12,"column":null}}},"fnMap":{},"branchMap":{},"s":{"0":0,"1":0,"2":0,"3":0,"4":0,"5":0,"6":0},"f":{},"b":{}}
,"/Users/admin/rohits/jk_poc/jk_tech_backend/src/qna/qna.service.ts": {"path":"/Users/admin/rohits/jk_poc/jk_tech_backend/src/qna/qna.service.ts","statementMap":{"0":{"start":{"line":1,"column":0},"end":{"line":1,"column":84}},"1":{"start":{"line":2,"column":0},"end":{"line":2,"column":57}},"2":{"start":{"line":8,"column":7},"end":{"line":330,"column":null}},"3":{"start":{"line":9,"column":22},"end":{"line":9,"column":30}},"4":{"start":{"line":12,"column":25},"end":{"line":22,"column":6}},"5":{"start":{"line":24,"column":4},"end":{"line":24,"column":24}},"6":{"start":{"line":28,"column":23},"end":{"line":31,"column":6}},"7":{"start":{"line":33,"column":4},"end":{"line":38,"column":5}},"8":{"start":{"line":34,"column":6},"end":{"line":37,"column":8}},"9":{"start":{"line":40,"column":35},"end":{"line":55,"column":6}},"10":{"start":{"line":57,"column":4},"end":{"line":62,"column":6}},"11":{"start":{"line":66,"column":25},"end":{"line":78,"column":6}},"12":{"start":{"line":80,"column":4},"end":{"line":82,"column":5}},"13":{"start":{"line":81,"column":6},"end":{"line":81,"column":60}},"14":{"start":{"line":84,"column":4},"end":{"line":84,"column":24}},"15":{"start":{"line":88,"column":53},"end":{"line":88,"column":67}},"16":{"start":{"line":91,"column":25},"end":{"line":97,"column":6}},"17":{"start":{"line":99,"column":4},"end":{"line":101,"column":5}},"18":{"start":{"line":100,"column":6},"end":{"line":100,"column":60}},"19":{"start":{"line":104,"column":24},"end":{"line":111,"column":6}},"20":{"start":{"line":114,"column":23},"end":{"line":114,"column":80}},"21":{"start":{"line":117,"column":29},"end":{"line":125,"column":6}},"22":{"start":{"line":128,"column":4},"end":{"line":131,"column":7}},"23":{"start":{"line":133,"column":4},"end":{"line":136,"column":6}},"24":{"start":{"line":140,"column":25},"end":{"line":146,"column":6}},"25":{"start":{"line":148,"column":4},"end":{"line":150,"column":5}},"26":{"start":{"line":149,"column":6},"end":{"line":149,"column":60}},"27":{"start":{"line":153,"column":4},"end":{"line":171,"column":7}},"28":{"start":{"line":173,"column":4},"end":{"line":173,"column":60}},"29":{"start":{"line":177,"column":4},"end":{"line":229,"column":5}},"30":{"start":{"line":185,"column":20},"end":{"line":185,"column":22}},"31":{"start":{"line":186,"column":29},"end":{"line":186,"column":31}},"32":{"start":{"line":188,"column":6},"end":{"line":206,"column":7}},"33":{"start":{"line":190,"column":31},"end":{"line":190,"column":96}},"34":{"start":{"line":191,"column":8},"end":{"line":191,"column":74}},"35":{"start":{"line":191,"column":46},"end":{"line":191,"column":59}},"36":{"start":{"line":192,"column":8},"end":{"line":196,"column":13}},"37":{"start":{"line":192,"column":53},"end":{"line":196,"column":10}},"38":{"start":{"line":199,"column":31},"end":{"line":199,"column":85}},"39":{"start":{"line":200,"column":8},"end":{"line":200,"column":74}},"40":{"start":{"line":200,"column":46},"end":{"line":200,"column":59}},"41":{"start":{"line":201,"column":8},"end":{"line":205,"column":13}},"42":{"start":{"line":201,"column":53},"end":{"line":205,"column":10}},"43":{"start":{"line":209,"column":23},"end":{"line":209,"column":71}},"44":{"start":{"line":211,"column":6},"end":{"line":219,"column":8}},"45":{"start":{"line":221,"column":6},"end":{"line":221,"column":57}},"46":{"start":{"line":222,"column":6},"end":{"line":228,"column":8}},"47":{"start":{"line":235,"column":19},"end":{"line":254,"column":6}},"48":{"start":{"line":257,"column":4},"end":{"line":259,"column":6}},"49":{"start":{"line":258,"column":6},"end":{"line":258,"column":77}},"50":{"start":{"line":264,"column":19},"end":{"line":283,"column":6}},"51":{"start":{"line":286,"column":4},"end":{"line":288,"column":6}},"52":{"start":{"line":287,"column":6},"end":{"line":287,"column":77}},"53":{"start":{"line":293,"column":4},"end":{"line":295,"column":5}},"54":{"start":{"line":294,"column":6},"end":{"line":294,"column":142}},"55":{"start":{"line":297,"column":22},"end":{"line":302,"column":6}},"56":{"start":{"line":304,"column":27},"end":{"line":304,"column":82}},"57":{"start":{"line":307,"column":26},"end":{"line":307,"column":51}},"58":{"start":{"line":308,"column":4},"end":{"line":308,"column":166}},"59":{"start":{"line":313,"column":25},"end":{"line":319,"column":6}},"60":{"start":{"line":321,"column":4},"end":{"line":323,"column":5}},"61":{"start":{"line":322,"column":6},"end":{"line":322,"column":60}},"62":{"start":{"line":325,"column":4},"end":{"line":328,"column":7}},"63":{"start":{"line":8,"column":13},"end":{"line":8,"column":23}},"64":{"start":{"line":8,"column":13},"end":{"line":330,"column":null}}},"fnMap":{"0":{"name":"(anonymous_2)","decl":{"start":{"line":9,"column":2},"end":{"line":9,"column":22}},"loc":{"start":{"line":9,"column":43},"end":{"line":9,"column":47}}},"1":{"name":"(anonymous_3)","decl":{"start":{"line":11,"column":2},"end":{"line":11,"column":7}},"loc":{"start":{"line":11,"column":87},"end":{"line":25,"column":3}}},"2":{"name":"(anonymous_4)","decl":{"start":{"line":27,"column":2},"end":{"line":27,"column":7}},"loc":{"start":{"line":27,"column":69},"end":{"line":63,"column":3}}},"3":{"name":"(anonymous_5)","decl":{"start":{"line":65,"column":2},"end":{"line":65,"column":7}},"loc":{"start":{"line":65,"column":62},"end":{"line":85,"column":3}}},"4":{"name":"(anonymous_6)","decl":{"start":{"line":87,"column":2},"end":{"line":87,"column":7}},"loc":{"start":{"line":87,"column":66},"end":{"line":137,"column":3}}},"5":{"name":"(anonymous_7)","decl":{"start":{"line":139,"column":2},"end":{"line":139,"column":7}},"loc":{"start":{"line":139,"column":65},"end":{"line":174,"column":3}}},"6":{"name":"(anonymous_8)","decl":{"start":{"line":176,"column":10},"end":{"line":176,"column":15}},"loc":{"start":{"line":176,"column":93},"end":{"line":230,"column":3}}},"7":{"name":"(anonymous_9)","decl":{"start":{"line":191,"column":37},"end":{"line":191,"column":42}},"loc":{"start":{"line":191,"column":46},"end":{"line":191,"column":59}}},"8":{"name":"(anonymous_10)","decl":{"start":{"line":192,"column":43},"end":{"line":192,"column":48}},"loc":{"start":{"line":192,"column":53},"end":{"line":196,"column":10}}},"9":{"name":"(anonymous_11)","decl":{"start":{"line":200,"column":37},"end":{"line":200,"column":42}},"loc":{"start":{"line":200,"column":46},"end":{"line":200,"column":59}}},"10":{"name":"(anonymous_12)","decl":{"start":{"line":201,"column":43},"end":{"line":201,"column":48}},"loc":{"start":{"line":201,"column":53},"end":{"line":205,"column":10}}},"11":{"name":"(anonymous_13)","decl":{"start":{"line":232,"column":10},"end":{"line":232,"column":15}},"loc":{"start":{"line":232,"column":89},"end":{"line":260,"column":3}}},"12":{"name":"(anonymous_14)","decl":{"start":{"line":257,"column":25},"end":{"line":257,"column":30}},"loc":{"start":{"line":258,"column":6},"end":{"line":258,"column":77}}},"13":{"name":"(anonymous_15)","decl":{"start":{"line":262,"column":10},"end":{"line":262,"column":15}},"loc":{"start":{"line":262,"column":68},"end":{"line":289,"column":3}}},"14":{"name":"(anonymous_16)","decl":{"start":{"line":286,"column":25},"end":{"line":286,"column":30}},"loc":{"start":{"line":287,"column":6},"end":{"line":287,"column":77}}},"15":{"name":"(anonymous_17)","decl":{"start":{"line":291,"column":10},"end":{"line":291,"column":15}},"loc":{"start":{"line":291,"column":68},"end":{"line":309,"column":3}}},"16":{"name":"(anonymous_18)","decl":{"start":{"line":312,"column":2},"end":{"line":312,"column":7}},"loc":{"start":{"line":312,"column":85},"end":{"line":329,"column":3}}}},"branchMap":{"0":{"loc":{"start":{"line":33,"column":4},"end":{"line":38,"column":5}},"type":"if","locations":[{"start":{"line":33,"column":4},"end":{"line":38,"column":5}}]},"1":{"loc":{"start":{"line":80,"column":4},"end":{"line":82,"column":5}},"type":"if","locations":[{"start":{"line":80,"column":4},"end":{"line":82,"column":5}}]},"2":{"loc":{"start":{"line":99,"column":4},"end":{"line":101,"column":5}},"type":"if","locations":[{"start":{"line":99,"column":4},"end":{"line":101,"column":5}}]},"3":{"loc":{"start":{"line":148,"column":4},"end":{"line":150,"column":5}},"type":"if","locations":[{"start":{"line":148,"column":4},"end":{"line":150,"column":5}}]},"4":{"loc":{"start":{"line":188,"column":6},"end":{"line":206,"column":7}},"type":"if","locations":[{"start":{"line":188,"column":6},"end":{"line":206,"column":7}},{"start":{"line":197,"column":13},"end":{"line":206,"column":7}}]},"5":{"loc":{"start":{"line":188,"column":10},"end":{"line":188,"column":47}},"type":"binary-expr","locations":[{"start":{"line":188,"column":10},"end":{"line":188,"column":21}},{"start":{"line":188,"column":25},"end":{"line":188,"column":47}}]},"6":{"loc":{"start":{"line":293,"column":4},"end":{"line":295,"column":5}},"type":"if","locations":[{"start":{"line":293,"column":4},"end":{"line":295,"column":5}}]},"7":{"loc":{"start":{"line":321,"column":4},"end":{"line":323,"column":5}},"type":"if","locations":[{"start":{"line":321,"column":4},"end":{"line":323,"column":5}}]}},"s":{"0":2,"1":2,"2":2,"3":11,"4":1,"5":1,"6":2,"7":2,"8":1,"9":2,"10":2,"11":2,"12":2,"13":1,"14":1,"15":2,"16":2,"17":2,"18":1,"19":1,"20":1,"21":1,"22":1,"23":1,"24":2,"25":2,"26":1,"27":1,"28":1,"29":1,"30":1,"31":1,"32":1,"33":0,"34":0,"35":0,"36":0,"37":0,"38":1,"39":1,"40":0,"41":1,"42":0,"43":1,"44":1,"45":0,"46":0,"47":0,"48":0,"49":0,"50":1,"51":1,"52":0,"53":1,"54":1,"55":0,"56":0,"57":0,"58":0,"59":2,"60":2,"61":1,"62":1,"63":2,"64":2},"f":{"0":11,"1":1,"2":2,"3":2,"4":2,"5":2,"6":1,"7":0,"8":0,"9":0,"10":0,"11":0,"12":0,"13":1,"14":0,"15":1,"16":2},"b":{"0":[1],"1":[1],"2":[1],"3":[1],"4":[0,1],"5":[1,0],"6":[1],"7":[1]}}
,"/Users/admin/rohits/jk_poc/jk_tech_backend/src/qna/dto/conversation-response.dto.ts": {"path":"/Users/admin/rohits/jk_poc/jk_tech_backend/src/qna/dto/conversation-response.dto.ts","statementMap":{"0":{"start":{"line":1,"column":0},"end":{"line":1,"column":46}},"1":{"start":{"line":3,"column":0},"end":{"line":3,"column":13}},"2":{"start":{"line":8,"column":2},"end":{"line":8,"column":null}},"3":{"start":{"line":14,"column":2},"end":{"line":14,"column":null}},"4":{"start":{"line":20,"column":2},"end":{"line":20,"column":null}},"5":{"start":{"line":25,"column":2},"end":{"line":25,"column":null}},"6":{"start":{"line":31,"column":2},"end":{"line":31,"column":null}},"7":{"start":{"line":34,"column":0},"end":{"line":34,"column":13}},"8":{"start":{"line":39,"column":2},"end":{"line":39,"column":null}},"9":{"start":{"line":45,"column":2},"end":{"line":45,"column":null}},"10":{"start":{"line":51,"column":2},"end":{"line":51,"column":null}},"11":{"start":{"line":57,"column":2},"end":{"line":57,"column":null}},"12":{"start":{"line":63,"column":2},"end":{"line":63,"column":null}},"13":{"start":{"line":69,"column":2},"end":{"line":69,"column":null}}},"fnMap":{},"branchMap":{},"s":{"0":1,"1":1,"2":1,"3":1,"4":1,"5":1,"6":1,"7":1,"8":1,"9":1,"10":1,"11":1,"12":1,"13":1},"f":{},"b":{}}
,"/Users/admin/rohits/jk_poc/jk_tech_backend/src/qna/dto/conversations-query.dto.ts": {"path":"/Users/admin/rohits/jk_poc/jk_tech_backend/src/qna/dto/conversations-query.dto.ts","statementMap":{"0":{"start":{"line":1,"column":0},"end":{"line":1,"column":67}},"1":{"start":{"line":2,"column":0},"end":{"line":2,"column":46}},"2":{"start":{"line":3,"column":0},"end":{"line":3,"column":54}},"3":{"start":{"line":16,"column":2},"end":{"line":16,"column":22}},"4":{"start":{"line":28,"column":2},"end":{"line":28,"column":22}},"5":{"start":{"line":5,"column":0},"end":{"line":5,"column":13}},"6":{"start":{"line":16,"column":2},"end":{"line":16,"column":null}},"7":{"start":{"line":13,"column":28},"end":{"line":13,"column":43}},"8":{"start":{"line":28,"column":2},"end":{"line":28,"column":null}},"9":{"start":{"line":25,"column":28},"end":{"line":25,"column":43}},"10":{"start":{"line":36,"column":2},"end":{"line":36,"column":null}}},"fnMap":{"0":{"name":"(anonymous_2)","decl":{"start":{"line":5,"column":0},"end":{"line":5,"column":13}},"loc":{"start":{"line":5,"column":0},"end":{"line":37,"column":1}}},"1":{"name":"(anonymous_3)","decl":{"start":{"line":13,"column":13},"end":{"line":13,"column":14}},"loc":{"start":{"line":13,"column":28},"end":{"line":13,"column":43}}},"2":{"name":"(anonymous_4)","decl":{"start":{"line":25,"column":13},"end":{"line":25,"column":14}},"loc":{"start":{"line":25,"column":28},"end":{"line":25,"column":43}}}},"branchMap":{},"s":{"0":1,"1":1,"2":1,"3":0,"4":0,"5":1,"6":1,"7":0,"8":1,"9":0,"10":1},"f":{"0":0,"1":0,"2":0},"b":{}}
,"/Users/admin/rohits/jk_poc/jk_tech_backend/src/qna/dto/create-conversation.dto.ts": {"path":"/Users/admin/rohits/jk_poc/jk_tech_backend/src/qna/dto/create-conversation.dto.ts","statementMap":{"0":{"start":{"line":1,"column":0},"end":{"line":1,"column":55}},"1":{"start":{"line":2,"column":0},"end":{"line":2,"column":67}},"2":{"start":{"line":4,"column":0},"end":{"line":4,"column":13}},"3":{"start":{"line":11,"column":2},"end":{"line":11,"column":null}}},"fnMap":{},"branchMap":{},"s":{"0":1,"1":1,"2":1,"3":1},"f":{},"b":{}}
,"/Users/admin/rohits/jk_poc/jk_tech_backend/src/qna/dto/send-message.dto.ts": {"path":"/Users/admin/rohits/jk_poc/jk_tech_backend/src/qna/dto/send-message.dto.ts","statementMap":{"0":{"start":{"line":1,"column":0},"end":{"line":1,"column":72}},"1":{"start":{"line":2,"column":0},"end":{"line":2,"column":67}},"2":{"start":{"line":4,"column":0},"end":{"line":4,"column":13}},"3":{"start":{"line":10,"column":2},"end":{"line":10,"column":null}},"4":{"start":{"line":17,"column":2},"end":{"line":17,"column":null}},"5":{"start":{"line":26,"column":2},"end":{"line":26,"column":null}}},"fnMap":{},"branchMap":{},"s":{"0":1,"1":1,"2":1,"3":1,"4":1,"5":1},"f":{},"b":{}}
,"/Users/admin/rohits/jk_poc/jk_tech_backend/src/users/users.controller.ts": {"path":"/Users/admin/rohits/jk_poc/jk_tech_backend/src/users/users.controller.ts","statementMap":{"0":{"start":{"line":1,"column":0},"end":{"line":1,"column":97}},"1":{"start":{"line":2,"column":0},"end":{"line":2,"column":84}},"2":{"start":{"line":3,"column":0},"end":{"line":3,"column":47}},"3":{"start":{"line":4,"column":0},"end":{"line":4,"column":61}},"4":{"start":{"line":5,"column":0},"end":{"line":5,"column":56}},"5":{"start":{"line":6,"column":0},"end":{"line":6,"column":59}},"6":{"start":{"line":7,"column":0},"end":{"line":7,"column":54}},"7":{"start":{"line":8,"column":0},"end":{"line":8,"column":58}},"8":{"start":{"line":9,"column":0},"end":{"line":9,"column":46}},"9":{"start":{"line":16,"column":7},"end":{"line":53,"column":null}},"10":{"start":{"line":17,"column":31},"end":{"line":17,"column":45}},"11":{"start":{"line":24,"column":4},"end":{"line":24,"column":39}},"12":{"start":{"line":33,"column":4},"end":{"line":33,"column":42}},"13":{"start":{"line":42,"column":4},"end":{"line":42,"column":55}},"14":{"start":{"line":51,"column":4},"end":{"line":51,"column":40}},"15":{"start":{"line":16,"column":13},"end":{"line":16,"column":28}},"16":{"start":{"line":23,"column":8},"end":{"line":25,"column":null}},"17":{"start":{"line":32,"column":8},"end":{"line":34,"column":null}},"18":{"start":{"line":41,"column":8},"end":{"line":43,"column":null}},"19":{"start":{"line":50,"column":8},"end":{"line":52,"column":null}},"20":{"start":{"line":16,"column":13},"end":{"line":53,"column":null}}},"fnMap":{"0":{"name":"(anonymous_4)","decl":{"start":{"line":17,"column":2},"end":{"line":17,"column":31}},"loc":{"start":{"line":17,"column":57},"end":{"line":17,"column":61}}},"1":{"name":"(anonymous_5)","decl":{"start":{"line":23,"column":2},"end":{"line":23,"column":7}},"loc":{"start":{"line":23,"column":15},"end":{"line":25,"column":3}}},"2":{"name":"(anonymous_6)","decl":{"start":{"line":32,"column":2},"end":{"line":32,"column":7}},"loc":{"start":{"line":32,"column":39},"end":{"line":34,"column":3}}},"3":{"name":"(anonymous_7)","decl":{"start":{"line":41,"column":2},"end":{"line":41,"column":7}},"loc":{"start":{"line":41,"column":76},"end":{"line":43,"column":3}}},"4":{"name":"(anonymous_8)","decl":{"start":{"line":50,"column":2},"end":{"line":50,"column":7}},"loc":{"start":{"line":50,"column":38},"end":{"line":52,"column":3}}}},"branchMap":{},"s":{"0":1,"1":1,"2":1,"3":1,"4":1,"5":1,"6":1,"7":1,"8":1,"9":1,"10":4,"11":1,"12":1,"13":1,"14":1,"15":1,"16":1,"17":1,"18":1,"19":1,"20":1},"f":{"0":4,"1":1,"2":1,"3":1,"4":1},"b":{}}
,"/Users/admin/rohits/jk_poc/jk_tech_backend/src/users/users.module.ts": {"path":"/Users/admin/rohits/jk_poc/jk_tech_backend/src/users/users.module.ts","statementMap":{"0":{"start":{"line":1,"column":0},"end":{"line":1,"column":40}},"1":{"start":{"line":2,"column":0},"end":{"line":2,"column":53}},"2":{"start":{"line":3,"column":0},"end":{"line":3,"column":47}},"3":{"start":{"line":4,"column":0},"end":{"line":4,"column":55}},"4":{"start":{"line":12,"column":7},"end":{"line":12,"column":null}},"5":{"start":{"line":12,"column":13},"end":{"line":12,"column":24}},"6":{"start":{"line":12,"column":13},"end":{"line":12,"column":null}}},"fnMap":{},"branchMap":{},"s":{"0":0,"1":0,"2":0,"3":0,"4":0,"5":0,"6":0},"f":{},"b":{}}
,"/Users/admin/rohits/jk_poc/jk_tech_backend/src/users/users.service.ts": {"path":"/Users/admin/rohits/jk_poc/jk_tech_backend/src/users/users.service.ts","statementMap":{"0":{"start":{"line":1,"column":0},"end":{"line":1,"column":63}},"1":{"start":{"line":2,"column":0},"end":{"line":2,"column":57}},"2":{"start":{"line":6,"column":7},"end":{"line":121,"column":null}},"3":{"start":{"line":7,"column":22},"end":{"line":7,"column":30}},"4":{"start":{"line":10,"column":4},"end":{"line":12,"column":7}},"5":{"start":{"line":16,"column":18},"end":{"line":29,"column":6}},"6":{"start":{"line":30,"column":4},"end":{"line":30,"column":17}},"7":{"start":{"line":34,"column":17},"end":{"line":48,"column":6}},"8":{"start":{"line":50,"column":4},"end":{"line":52,"column":5}},"9":{"start":{"line":51,"column":6},"end":{"line":51,"column":52}},"10":{"start":{"line":54,"column":4},"end":{"line":54,"column":16}},"11":{"start":{"line":58,"column":4},"end":{"line":63,"column":7}},"12":{"start":{"line":67,"column":17},"end":{"line":72,"column":6}},"13":{"start":{"line":74,"column":4},"end":{"line":76,"column":5}},"14":{"start":{"line":75,"column":6},"end":{"line":75,"column":52}},"15":{"start":{"line":78,"column":24},"end":{"line":93,"column":6}},"16":{"start":{"line":95,"column":4},"end":{"line":95,"column":23}},"17":{"start":{"line":99,"column":17},"end":{"line":104,"column":6}},"18":{"start":{"line":106,"column":4},"end":{"line":108,"column":5}},"19":{"start":{"line":107,"column":6},"end":{"line":107,"column":52}},"20":{"start":{"line":111,"column":4},"end":{"line":117,"column":7}},"21":{"start":{"line":119,"column":4},"end":{"line":119,"column":52}},"22":{"start":{"line":6,"column":13},"end":{"line":6,"column":25}},"23":{"start":{"line":6,"column":13},"end":{"line":121,"column":null}}},"fnMap":{"0":{"name":"(anonymous_2)","decl":{"start":{"line":7,"column":2},"end":{"line":7,"column":22}},"loc":{"start":{"line":7,"column":43},"end":{"line":7,"column":47}}},"1":{"name":"(anonymous_3)","decl":{"start":{"line":9,"column":2},"end":{"line":9,"column":7}},"loc":{"start":{"line":9,"column":28},"end":{"line":13,"column":3}}},"2":{"name":"(anonymous_4)","decl":{"start":{"line":15,"column":2},"end":{"line":15,"column":7}},"loc":{"start":{"line":15,"column":15},"end":{"line":31,"column":3}}},"3":{"name":"(anonymous_5)","decl":{"start":{"line":33,"column":2},"end":{"line":33,"column":7}},"loc":{"start":{"line":33,"column":27},"end":{"line":55,"column":3}}},"4":{"name":"(anonymous_6)","decl":{"start":{"line":57,"column":2},"end":{"line":57,"column":7}},"loc":{"start":{"line":57,"column":33},"end":{"line":64,"column":3}}},"5":{"name":"(anonymous_7)","decl":{"start":{"line":66,"column":2},"end":{"line":66,"column":7}},"loc":{"start":{"line":66,"column":55},"end":{"line":96,"column":3}}},"6":{"name":"(anonymous_8)","decl":{"start":{"line":98,"column":2},"end":{"line":98,"column":7}},"loc":{"start":{"line":98,"column":25},"end":{"line":120,"column":3}}}},"branchMap":{"0":{"loc":{"start":{"line":50,"column":4},"end":{"line":52,"column":5}},"type":"if","locations":[{"start":{"line":50,"column":4},"end":{"line":52,"column":5}}]},"1":{"loc":{"start":{"line":74,"column":4},"end":{"line":76,"column":5}},"type":"if","locations":[{"start":{"line":74,"column":4},"end":{"line":76,"column":5}}]},"2":{"loc":{"start":{"line":106,"column":4},"end":{"line":108,"column":5}},"type":"if","locations":[{"start":{"line":106,"column":4},"end":{"line":108,"column":5}}]}},"s":{"0":4,"1":4,"2":4,"3":9,"4":1,"5":1,"6":1,"7":2,"8":2,"9":1,"10":1,"11":1,"12":2,"13":2,"14":1,"15":1,"16":1,"17":2,"18":2,"19":1,"20":1,"21":1,"22":4,"23":4},"f":{"0":9,"1":1,"2":1,"3":2,"4":1,"5":2,"6":2},"b":{"0":[1],"1":[1],"2":[1]}}
,"/Users/admin/rohits/jk_poc/jk_tech_backend/src/users/dto/update-user.dto.ts": {"path":"/Users/admin/rohits/jk_poc/jk_tech_backend/src/users/dto/update-user.dto.ts","statementMap":{"0":{"start":{"line":1,"column":0},"end":{"line":1,"column":54}},"1":{"start":{"line":2,"column":0},"end":{"line":2,"column":64}},"2":{"start":{"line":3,"column":0},"end":{"line":3,"column":49}},"3":{"start":{"line":5,"column":0},"end":{"line":5,"column":13}},"4":{"start":{"line":8,"column":2},"end":{"line":8,"column":null}},"5":{"start":{"line":12,"column":2},"end":{"line":12,"column":null}},"6":{"start":{"line":17,"column":2},"end":{"line":17,"column":null}}},"fnMap":{},"branchMap":{},"s":{"0":1,"1":1,"2":1,"3":1,"4":1,"5":1,"6":1},"f":{},"b":{}}
,"/Users/admin/rohits/jk_poc/jk_tech_backend/src/users/dto/user-response.dto.ts": {"path":"/Users/admin/rohits/jk_poc/jk_tech_backend/src/users/dto/user-response.dto.ts","statementMap":{"0":{"start":{"line":1,"column":0},"end":{"line":1,"column":46}},"1":{"start":{"line":2,"column":0},"end":{"line":2,"column":49}},"2":{"start":{"line":4,"column":0},"end":{"line":4,"column":13}},"3":{"start":{"line":6,"column":2},"end":{"line":6,"column":null}},"4":{"start":{"line":9,"column":2},"end":{"line":9,"column":null}},"5":{"start":{"line":12,"column":2},"end":{"line":12,"column":null}},"6":{"start":{"line":15,"column":2},"end":{"line":15,"column":null}},"7":{"start":{"line":18,"column":2},"end":{"line":18,"column":null}},"8":{"start":{"line":21,"column":2},"end":{"line":21,"column":null}},"9":{"start":{"line":24,"column":2},"end":{"line":24,"column":null}}},"fnMap":{},"branchMap":{},"s":{"0":1,"1":1,"2":1,"3":1,"4":1,"5":1,"6":1,"7":1,"8":1,"9":1},"f":{},"b":{}}
,"/Users/admin/rohits/jk_poc/jk_tech_backend/src/utils/StringConst.ts": {"path":"/Users/admin/rohits/jk_poc/jk_tech_backend/src/utils/StringConst.ts","statementMap":{"0":{"start":{"line":1,"column":13},"end":{"line":5,"column":11}},"1":{"start":{"line":8,"column":13},"end":{"line":8,"column":52}},"2":{"start":{"line":10,"column":13},"end":{"line":14,"column":2}},"3":{"start":{"line":16,"column":13},"end":{"line":21,"column":2}}},"fnMap":{},"branchMap":{},"s":{"0":9,"1":9,"2":9,"3":9},"f":{},"b":{}}
}
