TN:
SF:src/app.module.ts
FNF:0
FNH:0
DA:1,0
DA:2,0
DA:3,0
DA:4,0
DA:5,0
DA:6,0
DA:7,0
DA:8,0
DA:23,0
LF:9
LH:0
BRF:0
BRH:0
end_of_record
TN:
SF:src/main.ts
FN:6,bootstrap
FNF:1
FNH:0
FNDA:0,bootstrap
DA:1,0
DA:2,0
DA:3,0
DA:4,0
DA:7,0
DA:10,0
DA:17,0
DA:20,0
DA:27,0
DA:28,0
DA:30,0
DA:31,0
DA:32,0
DA:34,0
LF:14
LH:0
BRF:0
BRH:0
end_of_record
TN:
SF:src/auth/auth.controller.ts
FN:14,(anonymous_4)
FN:21,(anonymous_5)
FN:30,(anonymous_6)
FN:40,(anonymous_7)
FN:49,(anonymous_8)
FNF:5
FNH:5
FNDA:4,(anonymous_4)
FNDA:1,(anonymous_5)
FNDA:1,(anonymous_6)
FNDA:1,(anonymous_7)
FNDA:1,(anonymous_8)
DA:1,1
DA:2,1
DA:3,1
DA:4,1
DA:5,1
DA:6,1
DA:7,1
DA:8,1
DA:9,1
DA:13,1
DA:14,4
DA:21,1
DA:22,1
DA:30,1
DA:31,1
DA:40,1
DA:41,1
DA:49,1
DA:50,1
LF:19
LH:19
BRF:0
BRH:0
end_of_record
TN:
SF:src/auth/auth.module.ts
FN:16,(anonymous_1)
FNF:1
FNH:0
FNDA:0,(anonymous_1)
DA:1,0
DA:2,0
DA:3,0
DA:4,0
DA:5,0
DA:6,0
DA:7,0
DA:8,0
DA:9,0
DA:16,0
DA:27,0
LF:11
LH:0
BRF:0
BRH:0
end_of_record
TN:
SF:src/auth/auth.service.ts
FN:10,(anonymous_2)
FN:15,(anonymous_3)
FN:27,(anonymous_4)
FN:34,(anonymous_5)
FNF:4
FNH:4
FNDA:6,(anonymous_2)
FNDA:3,(anonymous_3)
FNDA:1,(anonymous_4)
FNDA:2,(anonymous_5)
DA:1,2
DA:2,2
DA:3,2
DA:4,2
DA:6,2
DA:9,2
DA:11,6
DA:12,6
DA:16,3
DA:17,3
DA:18,2
DA:19,1
DA:21,1
DA:22,1
DA:24,1
DA:28,1
DA:29,1
DA:35,2
DA:36,2
DA:37,1
DA:41,1
DA:46,1
DA:47,1
DA:54,1
DA:55,1
DA:56,1
LF:26
LH:26
BRDA:17,0,0,2
BRDA:17,1,0,3
BRDA:17,1,1,3
BRDA:18,2,0,1
BRDA:36,3,0,1
BRDA:41,4,0,0
BRDA:41,5,0,1
BRDA:41,5,1,1
BRF:8
BRH:7
end_of_record
TN:
SF:src/auth/decorators/roles.decorator.ts
FN:5,(anonymous_0)
FNF:1
FNH:1
FNDA:4,(anonymous_0)
DA:2,3
DA:4,3
DA:5,4
LF:3
LH:3
BRF:0
BRH:0
end_of_record
TN:
SF:src/auth/dto/login-response.dto.ts
FNF:0
FNH:0
DA:1,1
DA:3,1
DA:5,1
LF:3
LH:3
BRF:0
BRH:0
end_of_record
TN:
SF:src/auth/dto/login.dto.ts
FNF:0
FNH:0
DA:1,1
DA:2,1
DA:4,1
DA:7,1
DA:11,1
LF:5
LH:5
BRF:0
BRH:0
end_of_record
TN:
SF:src/auth/dto/register.dto.ts
FNF:0
FNH:0
DA:1,1
DA:2,1
DA:3,1
DA:6,1
DA:9,1
DA:13,1
DA:18,1
DA:22,1
LF:8
LH:8
BRF:0
BRH:0
end_of_record
TN:
SF:src/auth/dto/user-profile.dto.ts
FNF:0
FNH:0
DA:1,1
DA:2,1
DA:4,1
DA:6,1
DA:9,1
DA:12,1
DA:15,1
DA:18,1
DA:21,1
LF:9
LH:9
BRF:0
BRH:0
end_of_record
TN:
SF:src/auth/guards/jwt-auth.guard.ts
FNF:0
FNH:0
DA:1,5
DA:2,5
DA:5,5
LF:3
LH:3
BRF:0
BRH:0
end_of_record
TN:
SF:src/auth/guards/local-auth.guard.ts
FNF:0
FNH:0
DA:1,1
DA:2,1
DA:5,1
LF:3
LH:3
BRF:0
BRH:0
end_of_record
TN:
SF:src/auth/guards/roles.guard.ts
FN:7,(anonymous_2)
FN:9,(anonymous_3)
FN:20,(anonymous_4)
FNF:3
FNH:1
FNDA:13,(anonymous_2)
FNDA:0,(anonymous_3)
FNDA:0,(anonymous_4)
DA:1,3
DA:2,3
DA:3,3
DA:6,3
DA:7,13
DA:10,0
DA:15,0
DA:16,0
DA:19,0
DA:20,0
LF:10
LH:5
BRDA:15,0,0,0
BRF:1
BRH:0
end_of_record
TN:
SF:src/auth/strategies/jwt.strategy.ts
FN:9,(anonymous_2)
FN:28,(anonymous_3)
FNF:2
FNH:0
FNDA:0,(anonymous_2)
FNDA:0,(anonymous_3)
DA:1,0
DA:2,0
DA:3,0
DA:4,0
DA:5,0
DA:8,0
DA:10,0
DA:11,0
DA:13,0
DA:29,0
DA:31,0
DA:32,0
DA:35,0
DA:36,0
DA:39,0
LF:15
LH:0
BRDA:31,0,0,0
BRDA:35,1,0,0
BRF:2
BRH:0
end_of_record
TN:
SF:src/auth/strategies/local.strategy.ts
FN:8,(anonymous_2)
FN:12,(anonymous_3)
FNF:2
FNH:0
FNDA:0,(anonymous_2)
FNDA:0,(anonymous_3)
DA:1,0
DA:2,0
DA:3,0
DA:4,0
DA:7,0
DA:8,0
DA:9,0
DA:13,0
DA:14,0
DA:15,0
DA:17,0
LF:11
LH:0
BRDA:14,0,0,0
BRF:1
BRH:0
end_of_record
TN:
SF:src/documents/documents.controller.ts
FN:35,(anonymous_4)
FN:62,(anonymous_5)
FN:73,(anonymous_6)
FN:81,(anonymous_7)
FN:89,(anonymous_8)
FN:105,(anonymous_9)
FN:116,(anonymous_10)
FNF:7
FNH:7
FNDA:6,(anonymous_4)
FNDA:1,(anonymous_5)
FNDA:1,(anonymous_6)
FNDA:1,(anonymous_7)
FNDA:1,(anonymous_8)
FNDA:1,(anonymous_9)
FNDA:1,(anonymous_10)
DA:1,1
DA:17,1
DA:18,1
DA:20,1
DA:21,1
DA:22,1
DA:23,1
DA:24,1
DA:25,1
DA:26,1
DA:27,1
DA:28,1
DA:34,1
DA:35,6
DA:62,1
DA:67,1
DA:73,1
DA:74,1
DA:81,1
DA:82,1
DA:89,1
DA:90,1
DA:92,1
DA:93,1
DA:95,1
DA:105,1
DA:106,1
DA:116,1
DA:117,1
LF:29
LH:29
BRF:0
BRH:0
end_of_record
TN:
SF:src/documents/documents.module.ts
FN:14,(anonymous_1)
FN:18,(anonymous_2)
FNF:2
FNH:0
FNDA:0,(anonymous_1)
FNDA:0,(anonymous_2)
DA:1,0
DA:2,0
DA:3,0
DA:4,0
DA:5,0
DA:6,0
DA:7,0
DA:8,0
DA:9,0
DA:14,0
DA:19,0
DA:20,0
DA:21,0
DA:33,0
LF:14
LH:0
BRF:0
BRH:0
end_of_record
TN:
SF:src/documents/documents.service.ts
FN:13,(anonymous_2)
FN:18,(anonymous_3)
FN:22,(anonymous_4)
FN:64,(anonymous_5)
FN:103,(anonymous_6)
FN:132,(anonymous_7)
FN:147,(anonymous_8)
FN:167,(anonymous_9)
FN:187,(anonymous_10)
FN:198,(anonymous_11)
FNF:10
FNH:4
FNDA:7,(anonymous_2)
FNDA:0,(anonymous_3)
FNDA:2,(anonymous_4)
FNDA:0,(anonymous_5)
FNDA:5,(anonymous_6)
FNDA:0,(anonymous_7)
FNDA:0,(anonymous_8)
FNDA:1,(anonymous_9)
FNDA:0,(anonymous_10)
FNDA:0,(anonymous_11)
DA:1,4
DA:2,4
DA:6,4
DA:7,4
DA:8,4
DA:9,4
DA:12,4
DA:14,7
DA:15,7
DA:19,0
DA:23,2
DA:24,1
DA:27,1
DA:51,1
DA:52,1
DA:53,1
DA:54,1
DA:57,0
DA:61,1
DA:65,0
DA:66,0
DA:69,0
DA:73,0
DA:92,0
DA:104,5
DA:120,5
DA:121,1
DA:125,4
DA:126,1
DA:129,3
DA:133,0
DA:135,0
DA:136,0
DA:137,0
DA:140,0
DA:148,0
DA:150,0
DA:164,0
DA:168,1
DA:175,1
DA:183,1
DA:188,0
DA:199,0
LF:43
LH:26
BRDA:23,0,0,1
BRDA:34,1,0,1
BRDA:34,1,1,0
BRDA:52,2,0,1
BRDA:65,3,0,0
BRDA:65,4,0,0
BRDA:69,5,0,0
BRDA:69,5,1,0
BRDA:120,6,0,1
BRDA:125,7,0,1
BRDA:125,8,0,4
BRDA:125,8,1,2
BRDA:136,9,0,0
BRF:13
BRH:7
end_of_record
TN:
SF:src/documents/dto/create-document.dto.ts
FNF:0
FNH:0
DA:1,1
DA:2,1
DA:4,1
DA:8,1
DA:13,1
LF:5
LH:5
BRF:0
BRH:0
end_of_record
TN:
SF:src/documents/dto/document-response.dto.ts
FNF:0
FNH:0
DA:1,1
DA:3,1
DA:5,1
DA:8,1
DA:11,1
DA:14,1
DA:17,1
DA:20,1
DA:23,1
DA:26,1
DA:29,1
DA:38,1
LF:12
LH:12
BRF:0
BRH:0
end_of_record
TN:
SF:src/documents/dto/pagination-query.dto.ts
FN:5,(anonymous_2)
FN:8,(anonymous_3)
FN:15,(anonymous_4)
FNF:3
FNH:0
FNDA:0,(anonymous_2)
FNDA:0,(anonymous_3)
FNDA:0,(anonymous_4)
DA:1,1
DA:2,1
DA:3,1
DA:5,1
DA:8,0
DA:11,1
DA:15,0
DA:18,1
LF:8
LH:6
BRF:0
BRH:0
end_of_record
TN:
SF:src/documents/dto/update-document.dto.ts
FNF:0
FNH:0
DA:1,1
DA:2,1
DA:4,1
DA:8,1
DA:13,1
LF:5
LH:5
BRF:0
BRH:0
end_of_record
TN:
SF:src/ingestion/ingestion.controller.ts
FN:17,(anonymous_4)
FN:26,(anonymous_5)
FN:34,(anonymous_6)
FN:41,(anonymous_7)
FNF:4
FNH:4
FNDA:3,(anonymous_4)
FNDA:1,(anonymous_5)
FNDA:1,(anonymous_6)
FNDA:1,(anonymous_7)
DA:1,1
DA:2,1
DA:3,1
DA:4,1
DA:5,1
DA:6,1
DA:7,1
DA:8,1
DA:9,1
DA:10,1
DA:16,1
DA:17,3
DA:26,1
DA:27,1
DA:34,1
DA:35,1
DA:41,1
DA:42,1
LF:18
LH:18
BRF:0
BRH:0
end_of_record
TN:
SF:src/ingestion/ingestion.module.ts
FN:9,(anonymous_1)
FNF:1
FNH:0
FNDA:0,(anonymous_1)
DA:1,0
DA:2,0
DA:3,0
DA:4,0
DA:5,0
DA:6,0
DA:9,0
DA:14,0
LF:8
LH:0
BRF:0
BRH:0
end_of_record
TN:
SF:src/ingestion/ingestion.service.ts
FN:11,(anonymous_4)
FN:19,(anonymous_5)
FN:25,(anonymous_6)
FN:53,(anonymous_7)
FN:65,(anonymous_8)
FN:120,(anonymous_9)
FN:157,(anonymous_10)
FN:208,(anonymous_11)
FN:230,(anonymous_12)
FN:255,(anonymous_13)
FN:272,(anonymous_14)
FN:279,(anonymous_15)
FN:304,(anonymous_16)
FN:330,(anonymous_17)
FN:349,(anonymous_18)
FN:375,(anonymous_19)
FN:13,(anonymous_20)
FNF:17
FNH:15
FNDA:27,(anonymous_4)
FNDA:1,(anonymous_5)
FNDA:2,(anonymous_6)
FNDA:0,(anonymous_7)
FNDA:2,(anonymous_8)
FNDA:4,(anonymous_9)
FNDA:3,(anonymous_10)
FNDA:2,(anonymous_11)
FNDA:3,(anonymous_12)
FNDA:1,(anonymous_13)
FNDA:0,(anonymous_14)
FNDA:3,(anonymous_15)
FNDA:2,(anonymous_16)
FNDA:2,(anonymous_17)
FNDA:4,(anonymous_18)
FNDA:7,(anonymous_19)
FNDA:27,(anonymous_20)
DA:1,4
DA:2,4
DA:3,4
DA:4,4
DA:5,4
DA:7,4
DA:10,4
DA:12,27
DA:13,27
DA:14,27
DA:15,27
DA:16,27
DA:21,1
DA:26,2
DA:29,2
DA:32,2
DA:42,2
DA:45,2
DA:47,2
DA:49,1
DA:54,0
DA:59,1
DA:62,2
DA:67,2
DA:73,2
DA:100,2
DA:102,2
DA:104,2
DA:107,0
DA:108,0
DA:112,2
DA:117,2
DA:121,4
DA:145,4
DA:146,1
DA:150,3
DA:151,1
DA:154,2
DA:158,3
DA:159,3
DA:162,3
DA:166,3
DA:167,2
DA:170,3
DA:197,3
DA:209,2
DA:214,2
DA:215,2
DA:218,2
DA:219,1
DA:222,2
DA:231,3
DA:233,3
DA:236,2
DA:237,1
DA:240,1
DA:242,1
DA:243,1
DA:244,1
DA:245,1
DA:248,1
DA:250,1
DA:257,1
DA:268,1
DA:273,0
DA:280,3
DA:281,3
DA:284,3
DA:288,2
DA:289,1
DA:290,1
DA:300,1
DA:301,1
DA:304,1
DA:305,2
DA:321,1
DA:322,1
DA:325,1
DA:331,2
DA:345,2
DA:350,4
DA:351,4
DA:352,4
DA:354,4
DA:355,10
DA:357,10
DA:358,6
DA:360,4
DA:361,3
DA:362,3
DA:365,1
DA:366,1
DA:371,4
DA:372,3
DA:375,7
LF:95
LH:91
BRDA:42,0,0,2
BRDA:42,0,1,0
BRDA:47,1,0,1
BRDA:47,1,1,1
BRDA:102,2,0,2
BRDA:102,2,1,0
BRDA:107,3,0,0
BRDA:107,3,1,0
BRDA:145,4,0,1
BRDA:150,5,0,1
BRDA:150,6,0,3
BRDA:150,6,1,2
BRDA:158,7,0,0
BRDA:158,8,0,0
BRDA:162,9,0,1
BRDA:162,9,1,2
BRDA:166,10,0,2
BRDA:214,11,0,2
BRDA:214,12,0,2
BRDA:214,12,1,1
BRDA:218,13,0,1
BRDA:236,14,0,1
BRDA:236,14,1,1
BRDA:243,15,0,1
BRDA:288,16,0,1
BRDA:332,17,0,2
BRDA:332,17,1,1
BRDA:334,18,0,1
BRDA:334,18,1,1
BRDA:355,19,0,6
BRDA:355,19,1,4
BRDA:357,20,0,6
BRDA:357,20,1,4
BRDA:360,21,0,3
BRDA:360,21,1,1
BRDA:371,22,0,3
BRF:36
BRH:30
end_of_record
TN:
SF:src/ingestion/mock-ingestion.service.ts
FN:7,(anonymous_2)
FN:10,(anonymous_3)
FN:23,(anonymous_4)
FN:34,(anonymous_5)
FN:45,(anonymous_6)
FN:49,(anonymous_7)
FN:88,(anonymous_8)
FNF:7
FNH:4
FNDA:3,(anonymous_2)
FNDA:1,(anonymous_3)
FNDA:0,(anonymous_4)
FNDA:0,(anonymous_5)
FNDA:1,(anonymous_6)
FNDA:0,(anonymous_7)
FNDA:1,(anonymous_8)
DA:1,5
DA:2,5
DA:3,5
DA:6,5
DA:7,3
DA:16,1
DA:19,1
DA:20,1
DA:21,1
DA:22,1
DA:23,1
DA:24,0
DA:25,0
DA:27,0
DA:28,0
DA:32,0
DA:34,0
DA:35,0
DA:36,0
DA:46,1
DA:49,1
DA:50,0
DA:52,0
DA:54,0
DA:55,0
DA:62,0
DA:64,0
DA:72,0
DA:75,0
DA:76,0
DA:89,1
LF:31
LH:14
BRDA:21,0,0,1
BRDA:21,0,1,0
BRDA:54,1,0,0
BRDA:54,1,1,0
BRF:4
BRH:1
end_of_record
TN:
SF:src/ingestion/dto/ingestion-job-response.dto.ts
FNF:0
FNH:0
DA:1,1
DA:2,1
DA:4,1
DA:6,1
DA:9,1
DA:12,1
DA:15,1
DA:18,1
DA:21,1
DA:24,1
DA:27,1
DA:30,1
DA:40,1
DA:54,1
LF:14
LH:14
BRF:0
BRH:0
end_of_record
TN:
SF:src/ingestion/dto/ingestion-jobs-query.dto.ts
FN:6,(anonymous_2)
FN:9,(anonymous_3)
FN:16,(anonymous_4)
FNF:3
FNH:0
FNDA:0,(anonymous_2)
FNDA:0,(anonymous_3)
FNDA:0,(anonymous_4)
DA:1,1
DA:2,1
DA:3,1
DA:4,1
DA:6,1
DA:9,0
DA:12,1
DA:16,0
DA:19,1
DA:23,1
LF:10
LH:8
BRF:0
BRH:0
end_of_record
TN:
SF:src/ingestion/dto/trigger-ingestion.dto.ts
FNF:0
FNH:0
DA:1,1
DA:2,1
DA:4,1
DA:8,1
LF:4
LH:4
BRF:0
BRH:0
end_of_record
TN:
SF:src/prisma/prisma.module.ts
FNF:0
FNH:0
DA:1,0
DA:2,0
DA:8,0
LF:3
LH:0
BRF:0
BRH:0
end_of_record
TN:
SF:src/prisma/prisma.service.ts
FN:6,(anonymous_1)
FNF:1
FNH:0
FNDA:0,(anonymous_1)
DA:1,12
DA:2,12
DA:5,12
DA:7,0
LF:4
LH:3
BRF:0
BRH:0
end_of_record
TN:
SF:src/qna/qna.controller.ts
FN:34,(anonymous_4)
FN:44,(anonymous_5)
FN:59,(anonymous_6)
FN:81,(anonymous_7)
FN:97,(anonymous_8)
FN:118,(anonymous_9)
FN:140,(anonymous_10)
FNF:7
FNH:7
FNDA:6,(anonymous_4)
FNDA:1,(anonymous_5)
FNDA:1,(anonymous_6)
FNDA:1,(anonymous_7)
FNDA:1,(anonymous_8)
FNDA:1,(anonymous_9)
FNDA:1,(anonymous_10)
DA:1,1
DA:14,1
DA:22,1
DA:23,1
DA:24,1
DA:25,1
DA:26,1
DA:27,1
DA:33,1
DA:34,6
DA:44,1
DA:48,1
DA:49,1
DA:59,1
DA:63,1
DA:64,1
DA:81,1
DA:85,1
DA:86,1
DA:97,1
DA:101,1
DA:102,1
DA:118,1
DA:123,1
DA:124,1
DA:140,1
DA:144,1
DA:145,1
LF:28
LH:28
BRF:0
BRH:0
end_of_record
TN:
SF:src/qna/qna.module.ts
FNF:0
FNH:0
DA:1,0
DA:2,0
DA:3,0
DA:4,0
DA:12,0
LF:5
LH:0
BRF:0
BRH:0
end_of_record
TN:
SF:src/qna/qna.service.ts
FN:9,(anonymous_2)
FN:11,(anonymous_3)
FN:27,(anonymous_4)
FN:65,(anonymous_5)
FN:87,(anonymous_6)
FN:139,(anonymous_7)
FN:176,(anonymous_8)
FN:191,(anonymous_9)
FN:192,(anonymous_10)
FN:200,(anonymous_11)
FN:201,(anonymous_12)
FN:232,(anonymous_13)
FN:257,(anonymous_14)
FN:262,(anonymous_15)
FN:286,(anonymous_16)
FN:291,(anonymous_17)
FN:312,(anonymous_18)
FNF:17
FNH:10
FNDA:11,(anonymous_2)
FNDA:1,(anonymous_3)
FNDA:2,(anonymous_4)
FNDA:2,(anonymous_5)
FNDA:2,(anonymous_6)
FNDA:2,(anonymous_7)
FNDA:1,(anonymous_8)
FNDA:0,(anonymous_9)
FNDA:0,(anonymous_10)
FNDA:0,(anonymous_11)
FNDA:0,(anonymous_12)
FNDA:0,(anonymous_13)
FNDA:0,(anonymous_14)
FNDA:1,(anonymous_15)
FNDA:0,(anonymous_16)
FNDA:1,(anonymous_17)
FNDA:2,(anonymous_18)
DA:1,2
DA:2,2
DA:8,2
DA:9,11
DA:12,1
DA:24,1
DA:28,2
DA:33,2
DA:34,1
DA:40,2
DA:57,2
DA:66,2
DA:80,2
DA:81,1
DA:84,1
DA:88,2
DA:91,2
DA:99,2
DA:100,1
DA:104,1
DA:114,1
DA:117,1
DA:128,1
DA:133,1
DA:140,2
DA:148,2
DA:149,1
DA:153,1
DA:173,1
DA:177,1
DA:185,1
DA:186,1
DA:188,1
DA:190,0
DA:191,0
DA:192,0
DA:199,1
DA:200,1
DA:201,1
DA:209,1
DA:211,1
DA:221,0
DA:222,0
DA:235,0
DA:257,0
DA:258,0
DA:264,1
DA:286,1
DA:287,0
DA:293,1
DA:294,1
DA:297,0
DA:304,0
DA:307,0
DA:308,0
DA:313,2
DA:321,2
DA:322,1
DA:325,1
LF:59
LH:46
BRDA:33,0,0,1
BRDA:80,1,0,1
BRDA:99,2,0,1
BRDA:148,3,0,1
BRDA:188,4,0,0
BRDA:188,4,1,1
BRDA:188,5,0,1
BRDA:188,5,1,0
BRDA:293,6,0,1
BRDA:321,7,0,1
BRF:10
BRH:8
end_of_record
TN:
SF:src/qna/dto/conversation-response.dto.ts
FNF:0
FNH:0
DA:1,1
DA:3,1
DA:8,1
DA:14,1
DA:20,1
DA:25,1
DA:31,1
DA:34,1
DA:39,1
DA:45,1
DA:51,1
DA:57,1
DA:63,1
DA:69,1
LF:14
LH:14
BRF:0
BRH:0
end_of_record
TN:
SF:src/qna/dto/conversations-query.dto.ts
FN:5,(anonymous_2)
FN:13,(anonymous_3)
FN:25,(anonymous_4)
FNF:3
FNH:0
FNDA:0,(anonymous_2)
FNDA:0,(anonymous_3)
FNDA:0,(anonymous_4)
DA:1,1
DA:2,1
DA:3,1
DA:5,1
DA:13,0
DA:16,1
DA:25,0
DA:28,1
DA:36,1
LF:9
LH:7
BRF:0
BRH:0
end_of_record
TN:
SF:src/qna/dto/create-conversation.dto.ts
FNF:0
FNH:0
DA:1,1
DA:2,1
DA:4,1
DA:11,1
LF:4
LH:4
BRF:0
BRH:0
end_of_record
TN:
SF:src/qna/dto/send-message.dto.ts
FNF:0
FNH:0
DA:1,1
DA:2,1
DA:4,1
DA:10,1
DA:17,1
DA:26,1
LF:6
LH:6
BRF:0
BRH:0
end_of_record
TN:
SF:src/users/users.controller.ts
FN:17,(anonymous_4)
FN:23,(anonymous_5)
FN:32,(anonymous_6)
FN:41,(anonymous_7)
FN:50,(anonymous_8)
FNF:5
FNH:5
FNDA:4,(anonymous_4)
FNDA:1,(anonymous_5)
FNDA:1,(anonymous_6)
FNDA:1,(anonymous_7)
FNDA:1,(anonymous_8)
DA:1,1
DA:2,1
DA:3,1
DA:4,1
DA:5,1
DA:6,1
DA:7,1
DA:8,1
DA:9,1
DA:16,1
DA:17,4
DA:23,1
DA:24,1
DA:32,1
DA:33,1
DA:41,1
DA:42,1
DA:50,1
DA:51,1
LF:19
LH:19
BRF:0
BRH:0
end_of_record
TN:
SF:src/users/users.module.ts
FNF:0
FNH:0
DA:1,0
DA:2,0
DA:3,0
DA:4,0
DA:12,0
LF:5
LH:0
BRF:0
BRH:0
end_of_record
TN:
SF:src/users/users.service.ts
FN:7,(anonymous_2)
FN:9,(anonymous_3)
FN:15,(anonymous_4)
FN:33,(anonymous_5)
FN:57,(anonymous_6)
FN:66,(anonymous_7)
FN:98,(anonymous_8)
FNF:7
FNH:7
FNDA:9,(anonymous_2)
FNDA:1,(anonymous_3)
FNDA:1,(anonymous_4)
FNDA:2,(anonymous_5)
FNDA:1,(anonymous_6)
FNDA:2,(anonymous_7)
FNDA:2,(anonymous_8)
DA:1,4
DA:2,4
DA:6,4
DA:7,9
DA:10,1
DA:16,1
DA:30,1
DA:34,2
DA:50,2
DA:51,1
DA:54,1
DA:58,1
DA:67,2
DA:74,2
DA:75,1
DA:78,1
DA:95,1
DA:99,2
DA:106,2
DA:107,1
DA:111,1
DA:119,1
LF:22
LH:22
BRDA:50,0,0,1
BRDA:74,1,0,1
BRDA:106,2,0,1
BRF:3
BRH:3
end_of_record
TN:
SF:src/users/dto/update-user.dto.ts
FNF:0
FNH:0
DA:1,1
DA:2,1
DA:3,1
DA:5,1
DA:8,1
DA:12,1
DA:17,1
LF:7
LH:7
BRF:0
BRH:0
end_of_record
TN:
SF:src/users/dto/user-response.dto.ts
FNF:0
FNH:0
DA:1,1
DA:2,1
DA:4,1
DA:6,1
DA:9,1
DA:12,1
DA:15,1
DA:18,1
DA:21,1
DA:24,1
LF:10
LH:10
BRF:0
BRH:0
end_of_record
TN:
SF:src/utils/StringConst.ts
FNF:0
FNH:0
DA:1,9
DA:8,9
DA:10,9
DA:16,9
LF:4
LH:4
BRF:0
BRH:0
end_of_record
